The system is: Linux - 4.15.0-194-generic - x86_64
Compiling the C compiler identification source file "CMakeCCompilerId.c" succeeded.
Compiler: /home/hasini/intel/oneapi/compiler/2022.2.1/linux/bin/intel64/icc 
Build flags: 
Id flags:  

The output was:
0
icc: remark #10441: The Intel(R) C++ Compiler Classic (ICC) is deprecated and will be removed from product release in the second half of 2023. The Intel(R) oneAPI DPC++/C++ Compiler (ICX) is the recommended compiler moving forward. Please transition to use this compiler. Use '-diag-disable=10441' to disable this message.


Compilation of the C compiler identification source "CMakeCCompilerId.c" produced "a.out"

The C compiler identification is Intel, found in "/home/hasini/Desktop/TEE/Intel/TDX/ipp-crypto-ippcp_2021.4/_build/CMakeFiles/3.24.3/CompilerIdC/a.out"

Compiling the CXX compiler identification source file "CMakeCXXCompilerId.cpp" succeeded.
Compiler: /home/hasini/intel/oneapi/compiler/2022.2.1/linux/bin/intel64/icpc 
Build flags: 
Id flags:  

The output was:
0
icpc: remark #10441: The Intel(R) C++ Compiler Classic (ICC) is deprecated and will be removed from product release in the second half of 2023. The Intel(R) oneAPI DPC++/C++ Compiler (ICX) is the recommended compiler moving forward. Please transition to use this compiler. Use '-diag-disable=10441' to disable this message.


Compilation of the CXX compiler identification source "CMakeCXXCompilerId.cpp" produced "a.out"

The CXX compiler identification is Intel, found in "/home/hasini/Desktop/TEE/Intel/TDX/ipp-crypto-ippcp_2021.4/_build/CMakeFiles/3.24.3/CompilerIdCXX/a.out"

Detecting C compiler ABI info compiled with the following output:
Change Dir: /home/hasini/Desktop/TEE/Intel/TDX/ipp-crypto-ippcp_2021.4/_build/CMakeFiles/CMakeTmp

Run Build Command(s):/usr/bin/make -f Makefile cmTC_c605f/fast && /usr/bin/make  -f CMakeFiles/cmTC_c605f.dir/build.make CMakeFiles/cmTC_c605f.dir/build
make[1]: Entering directory '/home/hasini/Desktop/TEE/Intel/TDX/ipp-crypto-ippcp_2021.4/_build/CMakeFiles/CMakeTmp'
Building C object CMakeFiles/cmTC_c605f.dir/CMakeCCompilerABI.c.o
/home/hasini/intel/oneapi/compiler/2022.2.1/linux/bin/intel64/icc   -v -MD -MT CMakeFiles/cmTC_c605f.dir/CMakeCCompilerABI.c.o -MF CMakeFiles/cmTC_c605f.dir/CMakeCCompilerABI.c.o.d -o CMakeFiles/cmTC_c605f.dir/CMakeCCompilerABI.c.o -c /snap/cmake/1186/share/cmake-3.24/Modules/CMakeCCompilerABI.c
icc: remark #10441: The Intel(R) C++ Compiler Classic (ICC) is deprecated and will be removed from product release in the second half of 2023. The Intel(R) oneAPI DPC++/C++ Compiler (ICX) is the recommended compiler moving forward. Please transition to use this compiler. Use '-diag-disable=10441' to disable this message.
icc version 2021.7.1 (gcc version 7.5.0 compatibility)
/home/hasini/intel/oneapi/compiler/2022.2.1/linux/bin/intel64/../../bin/intel64/mcpcom    --target_efi2 --lang=c -oCMakeFiles/cmTC_c605f.dir/CMakeCCompilerABI.c.o -_g -mP3OPT_inline_alloca -D__ICC=2021 -D__INTEL_COMPILER=2021 -D__INTEL_COMPILER_UPDATE=7 -D__PTRDIFF_TYPE__=long "-D__SIZE_TYPE__=unsigned long" -D__WCHAR_TYPE__=int "-D__WINT_TYPE__=unsigned int" "-D__INTMAX_TYPE__=long int" "-D__UINTMAX_TYPE__=long unsigned int" -D__LONG_MAX__=9223372036854775807L -D__QMSPP_ -D__OPTIMIZE__ -D__NO_MATH_INLINES -D__NO_STRING_INLINES -D__GNUC_GNU_INLINE__ -D__GNUC__=7 -D__GNUC_MINOR__=5 -D__GNUC_PATCHLEVEL__=0 -D__LP64__ -D_LP64 -D__GXX_ABI_VERSION=1010 "-D__USER_LABEL_PREFIX__= " -D__REGISTER_PREFIX__= -D__INTEL_RTTI__ -D__unix__ -D__unix -D__linux__ -D__linux -D__gnu_linux__ -B -Dunix -Dlinux "-_Asystem(unix)" -D__ELF__ -D__x86_64 -D__x86_64__ -D__amd64 -D__amd64__ "-_Acpu(x86_64)" "-_Amachine(x86_64)" -D__INTEL_COMPILER_BUILD_DATE=20221019 -D__INTEL_OFFLOAD -D__MMX__ -D__SSE__ -D__SSE_MATH__ -D__SSE2__ -D__SSE2_MATH__ -D__pentium4 -D__pentium4__ -D__tune_pentium4__ -_k -_8 -_l --has_new_stdarg_support -_a -_b --gnu_version=70500 -_W5 --openmp_simd --noopenmp_offload --dependency_file_name CMakeFiles/cmTC_c605f.dir/CMakeCCompilerABI.c.o.d --compile_dependencies --dependency_target_name CMakeFiles/cmTC_c605f.dir/CMakeCCompilerABI.c.o --multibyte_chars -mGLOB_diag_suppress_sys --system_preinclude /usr/include/stdc-predef.h -I/home/hasini/intel/oneapi/tbb/2021.7.1/env/../include -I/home/hasini/intel/oneapi/dev-utilities/2021.7.1/include --array_section --simd --simd_func --offload_mode=1 --offload_target_names=mic,MIC --offload_unique_string=icc1417742145XiygMK -mGLOB_em64t=TRUE -mP1OPT_version=2021.7.1-intel64 -mGLOB_diag_file=CMakeFiles/cmTC_c605f.dir/CMakeCCompilerABI.c.diag -mGLOB_long_size_64 -mGLOB_routine_pointer_size_64 -mP1OPT_print_version=FALSE -mCG_use_gas_got_workaround=F -mP2OPT_align_option_used=TRUE -mGLOB_gcc_version=750 "-mGLOB_options_string=-v -MD -MT CMakeFiles/cmTC_c605f.dir/CMakeCCompilerABI.c.o -MF CMakeFiles/cmTC_c605f.dir/CMakeCCompilerABI.c.o.d -o CMakeFiles/cmTC_c605f.dir/CMakeCCompilerABI.c.o -c" -mGLOB_cxx_limited_range=FALSE -mCG_extend_parms=FALSE -mGLOB_compiler_bin_directory=/home/hasini/intel/oneapi/compiler/2022.2.1/linux/bin/intel64/../../bin/intel64 -mGLOB_as_output_backup_file_name=/tmp/icc4hudLuas_.s -mIPOPT_activate -mIPOPT_lite -mGLOB_uarch_tuning=0x0 -mGLOB_product_id_code=0x22006d93 -mCG_bnl_movbe=T -mP3OPT_use_mspp_call_convention -mP2OPT_subs_out_of_bound=FALSE -mP2OPT_disam_type_based_disam=2 -mP2OPT_disam_assume_ansi_c -mP2OPT_checked_disam_ansi_alias=TRUE -mGLOB_ansi_alias -mPGOPTI_value_profile_use=T -mP2OPT_il0_array_sections=TRUE -mGLOB_offload_mode=1 -mGLOB_offload_no_openmp=TRUE -mP2OPT_offload_unique_var_string=icc1417742145XiygMK -mP2OPT_hlo_level=2 -mP2OPT_hlo -mP2OPT_hpo_rtt_control=0 -mIPOPT_args_in_regs=0 -mP2OPT_disam_assume_nonstd_intent_in=FALSE -mGLOB_imf_mapping_library=/home/hasini/intel/oneapi/compiler/2022.2.1/linux/bin/intel64/../../bin/intel64/libiml_attr.so -mPGOPTI_gen_threadsafe_level=0 -mIPOPT_lto_object_enabled -mIPOPT_lto_object_value=1 -mIPOPT_obj_output_file_name=CMakeFiles/cmTC_c605f.dir/CMakeCCompilerABI.c.o -mIPOPT_whole_archive_fixup_file_name=/tmp/iccwarchU9qOqZ -mGLOB_linker_version=2.30 -mGLOB_linker=ld -mGLOB_driver_tempfile_name=/tmp/icctempfileCZkNLe -mP3OPT_asm_target=P3OPT_ASM_TARGET_GAS -mGLOB_async_unwind_tables=TRUE -mGLOB_obj_output_file=CMakeFiles/cmTC_c605f.dir/CMakeCCompilerABI.c.o -mGLOB_source_dialect=GLOB_SOURCE_DIALECT_C -mP1OPT_source_file_name=/snap/cmake/1186/share/cmake-3.24/Modules/CMakeCCompilerABI.c -mP1OPT_full_source_file_name=/snap/cmake/1186/share/cmake-3.24/Modules/CMakeCCompilerABI.c /snap/cmake/1186/share/cmake-3.24/Modules/CMakeCCompilerABI.c
#include "..." search starts here:
#include <...> search starts here:
 /home/hasini/intel/oneapi/tbb/2021.7.1/env/../include
 /home/hasini/intel/oneapi/dev-utilities/2021.7.1/include
 /home/hasini/intel/oneapi/compiler/2022.2.1/linux/bin/intel64/../../compiler/include/icc
 /home/hasini/intel/oneapi/compiler/2022.2.1/linux/bin/intel64/../../compiler/include
 /usr/local/include
 /usr/lib/gcc/x86_64-linux-gnu/7/include
 /usr/lib/gcc/x86_64-linux-gnu/7/include-fixed
 /usr/include/
 /usr/include
 /usr/include/x86_64-linux-gnu
End of search list.
Linking C executable cmTC_c605f
/snap/cmake/1186/bin/cmake -E cmake_link_script CMakeFiles/cmTC_c605f.dir/link.txt --verbose=1
/home/hasini/intel/oneapi/compiler/2022.2.1/linux/bin/intel64/icc  -v CMakeFiles/cmTC_c605f.dir/CMakeCCompilerABI.c.o -o cmTC_c605f 
icc: remark #10441: The Intel(R) C++ Compiler Classic (ICC) is deprecated and will be removed from product release in the second half of 2023. The Intel(R) oneAPI DPC++/C++ Compiler (ICX) is the recommended compiler moving forward. Please transition to use this compiler. Use '-diag-disable=10441' to disable this message.
icc version 2021.7.1 (gcc version 7.5.0 compatibility)
/home/hasini/intel/oneapi/compiler/2022.2.1/linux/bin/intel64/../../bin/intel64/mcpcom    -mGLOB_em64t=TRUE -mP1OPT_version=2021.7.1-intel64 -mGLOB_diag_file=CMakeFiles/cmTC_c605f.dir/CMakeCCompilerABI.c.diag -mGLOB_long_size_64 -mGLOB_routine_pointer_size_64 -mP1OPT_print_version=FALSE -mCG_use_gas_got_workaround=F -mP2OPT_align_option_used=TRUE -mGLOB_gcc_version=750 "-mGLOB_options_string=-v -o cmTC_c605f" -mGLOB_cxx_limited_range=FALSE -mCG_extend_parms=FALSE -mGLOB_compiler_bin_directory=/home/hasini/intel/oneapi/compiler/2022.2.1/linux/bin/intel64/../../bin/intel64 -mGLOB_as_output_backup_file_name=/tmp/iccxZ89yBas_.s -mGLOB_dashboard_use_source_name -mIPOPT_activate -mGLOB_product_id_code=0x22006d93 -mP3OPT_use_mspp_call_convention -mP2OPT_subs_out_of_bound=FALSE -mP2OPT_disam_type_based_disam=2 -mP2OPT_disam_assume_ansi_c -mP2OPT_checked_disam_ansi_alias=TRUE -mGLOB_ansi_alias -mPGOPTI_value_profile_use=T -mGLOB_opt_report_use_source_name -mP2OPT_il0_array_sections=TRUE -mGLOB_offload_mode=1 -mGLOB_offload_no_openmp=TRUE -mP2OPT_offload_unique_var_string=icc1815287509bdHg2Q -mP2OPT_hlo -mP2OPT_hpo_rtt_control=0 -mIPOPT_args_in_regs=0 -mP2OPT_disam_assume_nonstd_intent_in=FALSE -mGLOB_imf_mapping_library=/home/hasini/intel/oneapi/compiler/2022.2.1/linux/bin/intel64/../../bin/intel64/libiml_attr.so -mPGOPTI_gen_threadsafe_level=0 -mIPOPT_link -mIPOPT_ipo_activate -mIPOPT_mo_activate -mIPOPT_source_files_list=/tmp/iccslis5bcpy6 -mIPOPT_mo_global_data -mIPOPT_link_script_file=/tmp/iccscriptXkjM3l "-mIPOPT_cmdline_link="/usr/lib/gcc/x86_64-linux-gnu/7/../../../x86_64-linux-gnu/Scrt1.o" "/usr/lib/gcc/x86_64-linux-gnu/7/../../../x86_64-linux-gnu/crti.o" "/usr/lib/gcc/x86_64-linux-gnu/7/crtbeginS.o" "--eh-frame-hdr" "--build-id" "-dynamic-linker" "/lib64/ld-linux-x86-64.so.2" "-m" "elf_x86_64" "-o" "cmTC_c605f" "-L/home/hasini/intel/oneapi/tbb/2021.7.1/env/../lib/intel64/gcc4.8" "-L/home/hasini/intel/oneapi/compiler/2022.2.1/linux/compiler/lib/intel64_lin" "-L/home/hasini/intel/oneapi/compiler/2022.2.1/linux/lib" "-L/home/hasini/intel/oneapi/compiler/2022.2.1/linux/bin/intel64/../../compiler/lib/intel64_lin" "-L/home/hasini/intel/oneapi/compiler/2022.2.1/linux/lib/../lib/" "-L/usr/lib/gcc/x86_64-linux-gnu/7/" "-L/usr/lib/gcc/x86_64-linux-gnu/7/../../../x86_64-linux-gnu/" "-L/usr/lib/gcc/x86_64-linux-gnu/7/../../../../lib/" "-L/lib/x86_64-linux-gnu/" "-L/lib/../lib64" "-L/lib/../lib/" "-L/usr/lib/x86_64-linux-gnu/" "-L/usr/lib/../lib/" "-L/home/hasini/intel/oneapi/tbb/2021.7.1/env/../lib/intel64/gcc4.8/" "-L/home/hasini/intel/oneapi/compiler/2022.2.1/linux/compiler/lib/intel64_lin/" "-L/home/hasini/intel/oneapi/compiler/2022.2.1/linux/lib/" "-L/usr/lib/gcc/x86_64-linux-gnu/7/../../../" "-L/lib64" "-L/lib/" "-L/usr/lib" "CMakeFiles/cmTC_c605f.dir/CMakeCCompilerABI.c.o" "-Bdynamic" "-Bstatic" "-limf" "-lsvml" "-lirng" "-Bdynamic" "-lm" "-Bstatic" "-lipgo" "-ldecimal" "--as-needed" "-Bdynamic" "-lcilkrts" "-lstdc++" "--no-as-needed" "-lgcc" "-lgcc_s" "-Bstatic" "-lirc" "-lsvml" "-Bdynamic" "-lc" "-lgcc" "-lgcc_s" "-Bstatic" "-lirc_s" "-Bdynamic" "-ldl" "-lc" "/usr/lib/gcc/x86_64-linux-gnu/7/crtendS.o" "/usr/lib/gcc/x86_64-linux-gnu/7/../../../x86_64-linux-gnu/crtn.o"" -mIPOPT_il_in_obj -mIPOPT_ipo_activate_warn=FALSE -mIPOPT_obj_output_file_name=/tmp/ipo_icc11SlwB.o -mIPOPT_whole_archive_fixup_file_name=/tmp/iccwarchuI5FA6 -mGLOB_linker_version=2.30 -mGLOB_linker=ld -mGLOB_driver_tempfile_name=/tmp/icctempfilezNLN6l -mP3OPT_asm_target=P3OPT_ASM_TARGET_GAS -mGLOB_async_unwind_tables=TRUE -mGLOB_obj_output_file=/tmp/ipo_icc11SlwB.o -mGLOB_source_dialect=GLOB_SOURCE_DIALECT_NONE -mP1OPT_source_file_name=ipo_out.c CMakeFiles/cmTC_c605f.dir/CMakeCCompilerABI.c.o -mIPOPT_object_files=T -mIPOPT_assembly_files=/tmp/iccalisvEi0w6 -mIPOPT_generated_tempfiles=/tmp/iccelisRBkl2l -mIPOPT_embedded_object_base_name=/tmp/icceobjJ2HGxB -mIPOPT_cmdline_link_new_name=/tmp/iccllis9RE22Q
ld    /usr/lib/gcc/x86_64-linux-gnu/7/../../../x86_64-linux-gnu/Scrt1.o /usr/lib/gcc/x86_64-linux-gnu/7/../../../x86_64-linux-gnu/crti.o /usr/lib/gcc/x86_64-linux-gnu/7/crtbeginS.o --eh-frame-hdr --build-id -dynamic-linker /lib64/ld-linux-x86-64.so.2 -m elf_x86_64 -o cmTC_c605f -L/home/hasini/intel/oneapi/tbb/2021.7.1/env/../lib/intel64/gcc4.8 -L/home/hasini/intel/oneapi/compiler/2022.2.1/linux/compiler/lib/intel64_lin -L/home/hasini/intel/oneapi/compiler/2022.2.1/linux/lib -L/home/hasini/intel/oneapi/compiler/2022.2.1/linux/bin/intel64/../../compiler/lib/intel64_lin -L/home/hasini/intel/oneapi/compiler/2022.2.1/linux/lib/../lib/ -L/usr/lib/gcc/x86_64-linux-gnu/7/ -L/usr/lib/gcc/x86_64-linux-gnu/7/../../../x86_64-linux-gnu/ -L/usr/lib/gcc/x86_64-linux-gnu/7/../../../../lib/ -L/lib/x86_64-linux-gnu/ -L/lib/../lib64 -L/lib/../lib/ -L/usr/lib/x86_64-linux-gnu/ -L/usr/lib/../lib/ -L/home/hasini/intel/oneapi/tbb/2021.7.1/env/../lib/intel64/gcc4.8/ -L/home/hasini/intel/oneapi/compiler/2022.2.1/linux/compiler/lib/intel64_lin/ -L/home/hasini/intel/oneapi/compiler/2022.2.1/linux/lib/ -L/usr/lib/gcc/x86_64-linux-gnu/7/../../../ -L/lib64 -L/lib/ -L/usr/lib CMakeFiles/cmTC_c605f.dir/CMakeCCompilerABI.c.o -Bdynamic -Bstatic -limf -lsvml -lirng -Bdynamic -lm -Bstatic -lipgo -ldecimal --as-needed -Bdynamic -lcilkrts -lstdc++ --no-as-needed -lgcc -lgcc_s -Bstatic -lirc -lsvml -Bdynamic -lc -lgcc -lgcc_s -Bstatic -lirc_s -Bdynamic -ldl -lc /usr/lib/gcc/x86_64-linux-gnu/7/crtendS.o /usr/lib/gcc/x86_64-linux-gnu/7/../../../x86_64-linux-gnu/crtn.o
make[1]: Leaving directory '/home/hasini/Desktop/TEE/Intel/TDX/ipp-crypto-ippcp_2021.4/_build/CMakeFiles/CMakeTmp'



Parsed C implicit include dir info from above output: rv=done
  found start of include info
  found start of implicit include info
    add: [/home/hasini/intel/oneapi/tbb/2021.7.1/env/../include]
    add: [/home/hasini/intel/oneapi/dev-utilities/2021.7.1/include]
    add: [/home/hasini/intel/oneapi/compiler/2022.2.1/linux/bin/intel64/../../compiler/include/icc]
    add: [/home/hasini/intel/oneapi/compiler/2022.2.1/linux/bin/intel64/../../compiler/include]
    add: [/usr/local/include]
    add: [/usr/lib/gcc/x86_64-linux-gnu/7/include]
    add: [/usr/lib/gcc/x86_64-linux-gnu/7/include-fixed]
    add: [/usr/include/]
    add: [/usr/include]
    add: [/usr/include/x86_64-linux-gnu]
  end of search list found
  collapse include dir [/home/hasini/intel/oneapi/tbb/2021.7.1/env/../include] ==> [/home/hasini/intel/oneapi/tbb/2021.7.1/include]
  collapse include dir [/home/hasini/intel/oneapi/dev-utilities/2021.7.1/include] ==> [/home/hasini/intel/oneapi/dev-utilities/2021.7.1/include]
  collapse include dir [/home/hasini/intel/oneapi/compiler/2022.2.1/linux/bin/intel64/../../compiler/include/icc] ==> [/home/hasini/intel/oneapi/compiler/2022.2.1/linux/compiler/include/icc]
  collapse include dir [/home/hasini/intel/oneapi/compiler/2022.2.1/linux/bin/intel64/../../compiler/include] ==> [/home/hasini/intel/oneapi/compiler/2022.2.1/linux/compiler/include]
  collapse include dir [/usr/local/include] ==> [/usr/local/include]
  collapse include dir [/usr/lib/gcc/x86_64-linux-gnu/7/include] ==> [/usr/lib/gcc/x86_64-linux-gnu/7/include]
  collapse include dir [/usr/lib/gcc/x86_64-linux-gnu/7/include-fixed] ==> [/usr/lib/gcc/x86_64-linux-gnu/7/include-fixed]
  collapse include dir [/usr/include/] ==> [/usr/include]
  collapse include dir [/usr/include] ==> [/usr/include]
  collapse include dir [/usr/include/x86_64-linux-gnu] ==> [/usr/include/x86_64-linux-gnu]
  implicit include dirs: [/home/hasini/intel/oneapi/tbb/2021.7.1/include;/home/hasini/intel/oneapi/dev-utilities/2021.7.1/include;/home/hasini/intel/oneapi/compiler/2022.2.1/linux/compiler/include/icc;/home/hasini/intel/oneapi/compiler/2022.2.1/linux/compiler/include;/usr/local/include;/usr/lib/gcc/x86_64-linux-gnu/7/include;/usr/lib/gcc/x86_64-linux-gnu/7/include-fixed;/usr/include;/usr/include/x86_64-linux-gnu]


Parsed C implicit link information from above output:
  link line regex: [^( *|.*[/\])(ld|CMAKE_LINK_STARTFILE-NOTFOUND|([^/\]+-)?ld|collect2)[^/\]*( |$)]
  ignore line: [Change Dir: /home/hasini/Desktop/TEE/Intel/TDX/ipp-crypto-ippcp_2021.4/_build/CMakeFiles/CMakeTmp]
  ignore line: []
  ignore line: [Run Build Command(s):/usr/bin/make -f Makefile cmTC_c605f/fast && /usr/bin/make  -f CMakeFiles/cmTC_c605f.dir/build.make CMakeFiles/cmTC_c605f.dir/build]
  ignore line: [make[1]: Entering directory '/home/hasini/Desktop/TEE/Intel/TDX/ipp-crypto-ippcp_2021.4/_build/CMakeFiles/CMakeTmp']
  ignore line: [Building C object CMakeFiles/cmTC_c605f.dir/CMakeCCompilerABI.c.o]
  ignore line: [/home/hasini/intel/oneapi/compiler/2022.2.1/linux/bin/intel64/icc   -v -MD -MT CMakeFiles/cmTC_c605f.dir/CMakeCCompilerABI.c.o -MF CMakeFiles/cmTC_c605f.dir/CMakeCCompilerABI.c.o.d -o CMakeFiles/cmTC_c605f.dir/CMakeCCompilerABI.c.o -c /snap/cmake/1186/share/cmake-3.24/Modules/CMakeCCompilerABI.c]
  ignore line: [icc: remark #10441: The Intel(R) C++ Compiler Classic (ICC) is deprecated and will be removed from product release in the second half of 2023. The Intel(R) oneAPI DPC++/C++ Compiler (ICX) is the recommended compiler moving forward. Please transition to use this compiler. Use '-diag-disable=10441' to disable this message.]
  ignore line: [icc version 2021.7.1 (gcc version 7.5.0 compatibility)]
  ignore line: [/home/hasini/intel/oneapi/compiler/2022.2.1/linux/bin/intel64/../../bin/intel64/mcpcom    --target_efi2 --lang=c -oCMakeFiles/cmTC_c605f.dir/CMakeCCompilerABI.c.o -_g -mP3OPT_inline_alloca -D__ICC=2021 -D__INTEL_COMPILER=2021 -D__INTEL_COMPILER_UPDATE=7 -D__PTRDIFF_TYPE__=long "-D__SIZE_TYPE__=unsigned long" -D__WCHAR_TYPE__=int "-D__WINT_TYPE__=unsigned int" "-D__INTMAX_TYPE__=long int" "-D__UINTMAX_TYPE__=long unsigned int" -D__LONG_MAX__=9223372036854775807L -D__QMSPP_ -D__OPTIMIZE__ -D__NO_MATH_INLINES -D__NO_STRING_INLINES -D__GNUC_GNU_INLINE__ -D__GNUC__=7 -D__GNUC_MINOR__=5 -D__GNUC_PATCHLEVEL__=0 -D__LP64__ -D_LP64 -D__GXX_ABI_VERSION=1010 "-D__USER_LABEL_PREFIX__= " -D__REGISTER_PREFIX__= -D__INTEL_RTTI__ -D__unix__ -D__unix -D__linux__ -D__linux -D__gnu_linux__ -B -Dunix -Dlinux "-_Asystem(unix)" -D__ELF__ -D__x86_64 -D__x86_64__ -D__amd64 -D__amd64__ "-_Acpu(x86_64)" "-_Amachine(x86_64)" -D__INTEL_COMPILER_BUILD_DATE=20221019 -D__INTEL_OFFLOAD -D__MMX__ -D__SSE__ -D__SSE_MATH__ -D__SSE2__ -D__SSE2_MATH__ -D__pentium4 -D__pentium4__ -D__tune_pentium4__ -_k -_8 -_l --has_new_stdarg_support -_a -_b --gnu_version=70500 -_W5 --openmp_simd --noopenmp_offload --dependency_file_name CMakeFiles/cmTC_c605f.dir/CMakeCCompilerABI.c.o.d --compile_dependencies --dependency_target_name CMakeFiles/cmTC_c605f.dir/CMakeCCompilerABI.c.o --multibyte_chars -mGLOB_diag_suppress_sys --system_preinclude /usr/include/stdc-predef.h -I/home/hasini/intel/oneapi/tbb/2021.7.1/env/../include -I/home/hasini/intel/oneapi/dev-utilities/2021.7.1/include --array_section --simd --simd_func --offload_mode=1 --offload_target_names=mic MIC --offload_unique_string=icc1417742145XiygMK -mGLOB_em64t=TRUE -mP1OPT_version=2021.7.1-intel64 -mGLOB_diag_file=CMakeFiles/cmTC_c605f.dir/CMakeCCompilerABI.c.diag -mGLOB_long_size_64 -mGLOB_routine_pointer_size_64 -mP1OPT_print_version=FALSE -mCG_use_gas_got_workaround=F -mP2OPT_align_option_used=TRUE -mGLOB_gcc_version=750 "-mGLOB_options_string=-v -MD -MT CMakeFiles/cmTC_c605f.dir/CMakeCCompilerABI.c.o -MF CMakeFiles/cmTC_c605f.dir/CMakeCCompilerABI.c.o.d -o CMakeFiles/cmTC_c605f.dir/CMakeCCompilerABI.c.o -c" -mGLOB_cxx_limited_range=FALSE -mCG_extend_parms=FALSE -mGLOB_compiler_bin_directory=/home/hasini/intel/oneapi/compiler/2022.2.1/linux/bin/intel64/../../bin/intel64 -mGLOB_as_output_backup_file_name=/tmp/icc4hudLuas_.s -mIPOPT_activate -mIPOPT_lite -mGLOB_uarch_tuning=0x0 -mGLOB_product_id_code=0x22006d93 -mCG_bnl_movbe=T -mP3OPT_use_mspp_call_convention -mP2OPT_subs_out_of_bound=FALSE -mP2OPT_disam_type_based_disam=2 -mP2OPT_disam_assume_ansi_c -mP2OPT_checked_disam_ansi_alias=TRUE -mGLOB_ansi_alias -mPGOPTI_value_profile_use=T -mP2OPT_il0_array_sections=TRUE -mGLOB_offload_mode=1 -mGLOB_offload_no_openmp=TRUE -mP2OPT_offload_unique_var_string=icc1417742145XiygMK -mP2OPT_hlo_level=2 -mP2OPT_hlo -mP2OPT_hpo_rtt_control=0 -mIPOPT_args_in_regs=0 -mP2OPT_disam_assume_nonstd_intent_in=FALSE -mGLOB_imf_mapping_library=/home/hasini/intel/oneapi/compiler/2022.2.1/linux/bin/intel64/../../bin/intel64/libiml_attr.so -mPGOPTI_gen_threadsafe_level=0 -mIPOPT_lto_object_enabled -mIPOPT_lto_object_value=1 -mIPOPT_obj_output_file_name=CMakeFiles/cmTC_c605f.dir/CMakeCCompilerABI.c.o -mIPOPT_whole_archive_fixup_file_name=/tmp/iccwarchU9qOqZ -mGLOB_linker_version=2.30 -mGLOB_linker=ld -mGLOB_driver_tempfile_name=/tmp/icctempfileCZkNLe -mP3OPT_asm_target=P3OPT_ASM_TARGET_GAS -mGLOB_async_unwind_tables=TRUE -mGLOB_obj_output_file=CMakeFiles/cmTC_c605f.dir/CMakeCCompilerABI.c.o -mGLOB_source_dialect=GLOB_SOURCE_DIALECT_C -mP1OPT_source_file_name=/snap/cmake/1186/share/cmake-3.24/Modules/CMakeCCompilerABI.c -mP1OPT_full_source_file_name=/snap/cmake/1186/share/cmake-3.24/Modules/CMakeCCompilerABI.c /snap/cmake/1186/share/cmake-3.24/Modules/CMakeCCompilerABI.c]
  ignore line: [#include "..." search starts here:]
  ignore line: [#include <...> search starts here:]
  ignore line: [ /home/hasini/intel/oneapi/tbb/2021.7.1/env/../include]
  ignore line: [ /home/hasini/intel/oneapi/dev-utilities/2021.7.1/include]
  ignore line: [ /home/hasini/intel/oneapi/compiler/2022.2.1/linux/bin/intel64/../../compiler/include/icc]
  ignore line: [ /home/hasini/intel/oneapi/compiler/2022.2.1/linux/bin/intel64/../../compiler/include]
  ignore line: [ /usr/local/include]
  ignore line: [ /usr/lib/gcc/x86_64-linux-gnu/7/include]
  ignore line: [ /usr/lib/gcc/x86_64-linux-gnu/7/include-fixed]
  ignore line: [ /usr/include/]
  ignore line: [ /usr/include]
  ignore line: [ /usr/include/x86_64-linux-gnu]
  ignore line: [End of search list.]
  ignore line: [Linking C executable cmTC_c605f]
  ignore line: [/snap/cmake/1186/bin/cmake -E cmake_link_script CMakeFiles/cmTC_c605f.dir/link.txt --verbose=1]
  ignore line: [/home/hasini/intel/oneapi/compiler/2022.2.1/linux/bin/intel64/icc  -v CMakeFiles/cmTC_c605f.dir/CMakeCCompilerABI.c.o -o cmTC_c605f ]
  ignore line: [icc: remark #10441: The Intel(R) C++ Compiler Classic (ICC) is deprecated and will be removed from product release in the second half of 2023. The Intel(R) oneAPI DPC++/C++ Compiler (ICX) is the recommended compiler moving forward. Please transition to use this compiler. Use '-diag-disable=10441' to disable this message.]
  ignore line: [icc version 2021.7.1 (gcc version 7.5.0 compatibility)]
  ignore line: [/home/hasini/intel/oneapi/compiler/2022.2.1/linux/bin/intel64/../../bin/intel64/mcpcom    -mGLOB_em64t=TRUE -mP1OPT_version=2021.7.1-intel64 -mGLOB_diag_file=CMakeFiles/cmTC_c605f.dir/CMakeCCompilerABI.c.diag -mGLOB_long_size_64 -mGLOB_routine_pointer_size_64 -mP1OPT_print_version=FALSE -mCG_use_gas_got_workaround=F -mP2OPT_align_option_used=TRUE -mGLOB_gcc_version=750 "-mGLOB_options_string=-v -o cmTC_c605f" -mGLOB_cxx_limited_range=FALSE -mCG_extend_parms=FALSE -mGLOB_compiler_bin_directory=/home/hasini/intel/oneapi/compiler/2022.2.1/linux/bin/intel64/../../bin/intel64 -mGLOB_as_output_backup_file_name=/tmp/iccxZ89yBas_.s -mGLOB_dashboard_use_source_name -mIPOPT_activate -mGLOB_product_id_code=0x22006d93 -mP3OPT_use_mspp_call_convention -mP2OPT_subs_out_of_bound=FALSE -mP2OPT_disam_type_based_disam=2 -mP2OPT_disam_assume_ansi_c -mP2OPT_checked_disam_ansi_alias=TRUE -mGLOB_ansi_alias -mPGOPTI_value_profile_use=T -mGLOB_opt_report_use_source_name -mP2OPT_il0_array_sections=TRUE -mGLOB_offload_mode=1 -mGLOB_offload_no_openmp=TRUE -mP2OPT_offload_unique_var_string=icc1815287509bdHg2Q -mP2OPT_hlo -mP2OPT_hpo_rtt_control=0 -mIPOPT_args_in_regs=0 -mP2OPT_disam_assume_nonstd_intent_in=FALSE -mGLOB_imf_mapping_library=/home/hasini/intel/oneapi/compiler/2022.2.1/linux/bin/intel64/../../bin/intel64/libiml_attr.so -mPGOPTI_gen_threadsafe_level=0 -mIPOPT_link -mIPOPT_ipo_activate -mIPOPT_mo_activate -mIPOPT_source_files_list=/tmp/iccslis5bcpy6 -mIPOPT_mo_global_data -mIPOPT_link_script_file=/tmp/iccscriptXkjM3l "-mIPOPT_cmdline_link="/usr/lib/gcc/x86_64-linux-gnu/7/../../../x86_64-linux-gnu/Scrt1.o" "/usr/lib/gcc/x86_64-linux-gnu/7/../../../x86_64-linux-gnu/crti.o" "/usr/lib/gcc/x86_64-linux-gnu/7/crtbeginS.o" "--eh-frame-hdr" "--build-id" "-dynamic-linker" "/lib64/ld-linux-x86-64.so.2" "-m" "elf_x86_64" "-o" "cmTC_c605f" "-L/home/hasini/intel/oneapi/tbb/2021.7.1/env/../lib/intel64/gcc4.8" "-L/home/hasini/intel/oneapi/compiler/2022.2.1/linux/compiler/lib/intel64_lin" "-L/home/hasini/intel/oneapi/compiler/2022.2.1/linux/lib" "-L/home/hasini/intel/oneapi/compiler/2022.2.1/linux/bin/intel64/../../compiler/lib/intel64_lin" "-L/home/hasini/intel/oneapi/compiler/2022.2.1/linux/lib/../lib/" "-L/usr/lib/gcc/x86_64-linux-gnu/7/" "-L/usr/lib/gcc/x86_64-linux-gnu/7/../../../x86_64-linux-gnu/" "-L/usr/lib/gcc/x86_64-linux-gnu/7/../../../../lib/" "-L/lib/x86_64-linux-gnu/" "-L/lib/../lib64" "-L/lib/../lib/" "-L/usr/lib/x86_64-linux-gnu/" "-L/usr/lib/../lib/" "-L/home/hasini/intel/oneapi/tbb/2021.7.1/env/../lib/intel64/gcc4.8/" "-L/home/hasini/intel/oneapi/compiler/2022.2.1/linux/compiler/lib/intel64_lin/" "-L/home/hasini/intel/oneapi/compiler/2022.2.1/linux/lib/" "-L/usr/lib/gcc/x86_64-linux-gnu/7/../../../" "-L/lib64" "-L/lib/" "-L/usr/lib" "CMakeFiles/cmTC_c605f.dir/CMakeCCompilerABI.c.o" "-Bdynamic" "-Bstatic" "-limf" "-lsvml" "-lirng" "-Bdynamic" "-lm" "-Bstatic" "-lipgo" "-ldecimal" "--as-needed" "-Bdynamic" "-lcilkrts" "-lstdc++" "--no-as-needed" "-lgcc" "-lgcc_s" "-Bstatic" "-lirc" "-lsvml" "-Bdynamic" "-lc" "-lgcc" "-lgcc_s" "-Bstatic" "-lirc_s" "-Bdynamic" "-ldl" "-lc" "/usr/lib/gcc/x86_64-linux-gnu/7/crtendS.o" "/usr/lib/gcc/x86_64-linux-gnu/7/../../../x86_64-linux-gnu/crtn.o"" -mIPOPT_il_in_obj -mIPOPT_ipo_activate_warn=FALSE -mIPOPT_obj_output_file_name=/tmp/ipo_icc11SlwB.o -mIPOPT_whole_archive_fixup_file_name=/tmp/iccwarchuI5FA6 -mGLOB_linker_version=2.30 -mGLOB_linker=ld -mGLOB_driver_tempfile_name=/tmp/icctempfilezNLN6l -mP3OPT_asm_target=P3OPT_ASM_TARGET_GAS -mGLOB_async_unwind_tables=TRUE -mGLOB_obj_output_file=/tmp/ipo_icc11SlwB.o -mGLOB_source_dialect=GLOB_SOURCE_DIALECT_NONE -mP1OPT_source_file_name=ipo_out.c CMakeFiles/cmTC_c605f.dir/CMakeCCompilerABI.c.o -mIPOPT_object_files=T -mIPOPT_assembly_files=/tmp/iccalisvEi0w6 -mIPOPT_generated_tempfiles=/tmp/iccelisRBkl2l -mIPOPT_embedded_object_base_name=/tmp/icceobjJ2HGxB -mIPOPT_cmdline_link_new_name=/tmp/iccllis9RE22Q]
  link line: [ld    /usr/lib/gcc/x86_64-linux-gnu/7/../../../x86_64-linux-gnu/Scrt1.o /usr/lib/gcc/x86_64-linux-gnu/7/../../../x86_64-linux-gnu/crti.o /usr/lib/gcc/x86_64-linux-gnu/7/crtbeginS.o --eh-frame-hdr --build-id -dynamic-linker /lib64/ld-linux-x86-64.so.2 -m elf_x86_64 -o cmTC_c605f -L/home/hasini/intel/oneapi/tbb/2021.7.1/env/../lib/intel64/gcc4.8 -L/home/hasini/intel/oneapi/compiler/2022.2.1/linux/compiler/lib/intel64_lin -L/home/hasini/intel/oneapi/compiler/2022.2.1/linux/lib -L/home/hasini/intel/oneapi/compiler/2022.2.1/linux/bin/intel64/../../compiler/lib/intel64_lin -L/home/hasini/intel/oneapi/compiler/2022.2.1/linux/lib/../lib/ -L/usr/lib/gcc/x86_64-linux-gnu/7/ -L/usr/lib/gcc/x86_64-linux-gnu/7/../../../x86_64-linux-gnu/ -L/usr/lib/gcc/x86_64-linux-gnu/7/../../../../lib/ -L/lib/x86_64-linux-gnu/ -L/lib/../lib64 -L/lib/../lib/ -L/usr/lib/x86_64-linux-gnu/ -L/usr/lib/../lib/ -L/home/hasini/intel/oneapi/tbb/2021.7.1/env/../lib/intel64/gcc4.8/ -L/home/hasini/intel/oneapi/compiler/2022.2.1/linux/compiler/lib/intel64_lin/ -L/home/hasini/intel/oneapi/compiler/2022.2.1/linux/lib/ -L/usr/lib/gcc/x86_64-linux-gnu/7/../../../ -L/lib64 -L/lib/ -L/usr/lib CMakeFiles/cmTC_c605f.dir/CMakeCCompilerABI.c.o -Bdynamic -Bstatic -limf -lsvml -lirng -Bdynamic -lm -Bstatic -lipgo -ldecimal --as-needed -Bdynamic -lcilkrts -lstdc++ --no-as-needed -lgcc -lgcc_s -Bstatic -lirc -lsvml -Bdynamic -lc -lgcc -lgcc_s -Bstatic -lirc_s -Bdynamic -ldl -lc /usr/lib/gcc/x86_64-linux-gnu/7/crtendS.o /usr/lib/gcc/x86_64-linux-gnu/7/../../../x86_64-linux-gnu/crtn.o]
    arg [ld] ==> ignore
    arg [/usr/lib/gcc/x86_64-linux-gnu/7/../../../x86_64-linux-gnu/Scrt1.o] ==> obj [/usr/lib/gcc/x86_64-linux-gnu/7/../../../x86_64-linux-gnu/Scrt1.o]
    arg [/usr/lib/gcc/x86_64-linux-gnu/7/../../../x86_64-linux-gnu/crti.o] ==> obj [/usr/lib/gcc/x86_64-linux-gnu/7/../../../x86_64-linux-gnu/crti.o]
    arg [/usr/lib/gcc/x86_64-linux-gnu/7/crtbeginS.o] ==> obj [/usr/lib/gcc/x86_64-linux-gnu/7/crtbeginS.o]
    arg [--eh-frame-hdr] ==> ignore
    arg [--build-id] ==> ignore
    arg [-dynamic-linker] ==> ignore
    arg [/lib64/ld-linux-x86-64.so.2] ==> ignore
    arg [-m] ==> ignore
    arg [elf_x86_64] ==> ignore
    arg [-o] ==> ignore
    arg [cmTC_c605f] ==> ignore
    arg [-L/home/hasini/intel/oneapi/tbb/2021.7.1/env/../lib/intel64/gcc4.8] ==> dir [/home/hasini/intel/oneapi/tbb/2021.7.1/env/../lib/intel64/gcc4.8]
    arg [-L/home/hasini/intel/oneapi/compiler/2022.2.1/linux/compiler/lib/intel64_lin] ==> dir [/home/hasini/intel/oneapi/compiler/2022.2.1/linux/compiler/lib/intel64_lin]
    arg [-L/home/hasini/intel/oneapi/compiler/2022.2.1/linux/lib] ==> dir [/home/hasini/intel/oneapi/compiler/2022.2.1/linux/lib]
    arg [-L/home/hasini/intel/oneapi/compiler/2022.2.1/linux/bin/intel64/../../compiler/lib/intel64_lin] ==> dir [/home/hasini/intel/oneapi/compiler/2022.2.1/linux/bin/intel64/../../compiler/lib/intel64_lin]
    arg [-L/home/hasini/intel/oneapi/compiler/2022.2.1/linux/lib/../lib/] ==> dir [/home/hasini/intel/oneapi/compiler/2022.2.1/linux/lib/../lib/]
    arg [-L/usr/lib/gcc/x86_64-linux-gnu/7/] ==> dir [/usr/lib/gcc/x86_64-linux-gnu/7/]
    arg [-L/usr/lib/gcc/x86_64-linux-gnu/7/../../../x86_64-linux-gnu/] ==> dir [/usr/lib/gcc/x86_64-linux-gnu/7/../../../x86_64-linux-gnu/]
    arg [-L/usr/lib/gcc/x86_64-linux-gnu/7/../../../../lib/] ==> dir [/usr/lib/gcc/x86_64-linux-gnu/7/../../../../lib/]
    arg [-L/lib/x86_64-linux-gnu/] ==> dir [/lib/x86_64-linux-gnu/]
    arg [-L/lib/../lib64] ==> dir [/lib/../lib64]
    arg [-L/lib/../lib/] ==> dir [/lib/../lib/]
    arg [-L/usr/lib/x86_64-linux-gnu/] ==> dir [/usr/lib/x86_64-linux-gnu/]
    arg [-L/usr/lib/../lib/] ==> dir [/usr/lib/../lib/]
    arg [-L/home/hasini/intel/oneapi/tbb/2021.7.1/env/../lib/intel64/gcc4.8/] ==> dir [/home/hasini/intel/oneapi/tbb/2021.7.1/env/../lib/intel64/gcc4.8/]
    arg [-L/home/hasini/intel/oneapi/compiler/2022.2.1/linux/compiler/lib/intel64_lin/] ==> dir [/home/hasini/intel/oneapi/compiler/2022.2.1/linux/compiler/lib/intel64_lin/]
    arg [-L/home/hasini/intel/oneapi/compiler/2022.2.1/linux/lib/] ==> dir [/home/hasini/intel/oneapi/compiler/2022.2.1/linux/lib/]
    arg [-L/usr/lib/gcc/x86_64-linux-gnu/7/../../../] ==> dir [/usr/lib/gcc/x86_64-linux-gnu/7/../../../]
    arg [-L/lib64] ==> dir [/lib64]
    arg [-L/lib/] ==> dir [/lib/]
    arg [-L/usr/lib] ==> dir [/usr/lib]
    arg [CMakeFiles/cmTC_c605f.dir/CMakeCCompilerABI.c.o] ==> ignore
    arg [-Bdynamic] ==> search dynamic
    arg [-Bstatic] ==> search static
    arg [-limf] ==> lib [imf]
    arg [-lsvml] ==> lib [svml]
    arg [-lirng] ==> lib [irng]
    arg [-Bdynamic] ==> search dynamic
    arg [-lm] ==> lib [m]
    arg [-Bstatic] ==> search static
    arg [-lipgo] ==> lib [ipgo]
    arg [-ldecimal] ==> lib [decimal]
    arg [--as-needed] ==> ignore
    arg [-Bdynamic] ==> search dynamic
    arg [-lcilkrts] ==> lib [cilkrts]
    arg [-lstdc++] ==> lib [stdc++]
    arg [--no-as-needed] ==> ignore
    arg [-lgcc] ==> lib [gcc]
    arg [-lgcc_s] ==> lib [gcc_s]
    arg [-Bstatic] ==> search static
    arg [-lirc] ==> lib [irc]
    arg [-lsvml] ==> lib [svml]
    arg [-Bdynamic] ==> search dynamic
    arg [-lc] ==> lib [c]
    arg [-lgcc] ==> lib [gcc]
    arg [-lgcc_s] ==> lib [gcc_s]
    arg [-Bstatic] ==> search static
    arg [-lirc_s] ==> lib [irc_s]
    arg [-Bdynamic] ==> search dynamic
    arg [-ldl] ==> lib [dl]
    arg [-lc] ==> lib [c]
    arg [/usr/lib/gcc/x86_64-linux-gnu/7/crtendS.o] ==> obj [/usr/lib/gcc/x86_64-linux-gnu/7/crtendS.o]
    arg [/usr/lib/gcc/x86_64-linux-gnu/7/../../../x86_64-linux-gnu/crtn.o] ==> obj [/usr/lib/gcc/x86_64-linux-gnu/7/../../../x86_64-linux-gnu/crtn.o]
  collapse obj [/usr/lib/gcc/x86_64-linux-gnu/7/../../../x86_64-linux-gnu/Scrt1.o] ==> [/usr/lib/x86_64-linux-gnu/Scrt1.o]
  collapse obj [/usr/lib/gcc/x86_64-linux-gnu/7/../../../x86_64-linux-gnu/crti.o] ==> [/usr/lib/x86_64-linux-gnu/crti.o]
  collapse obj [/usr/lib/gcc/x86_64-linux-gnu/7/../../../x86_64-linux-gnu/crtn.o] ==> [/usr/lib/x86_64-linux-gnu/crtn.o]
  collapse library dir [/home/hasini/intel/oneapi/tbb/2021.7.1/env/../lib/intel64/gcc4.8] ==> [/home/hasini/intel/oneapi/tbb/2021.7.1/lib/intel64/gcc4.8]
  collapse library dir [/home/hasini/intel/oneapi/compiler/2022.2.1/linux/compiler/lib/intel64_lin] ==> [/home/hasini/intel/oneapi/compiler/2022.2.1/linux/compiler/lib/intel64_lin]
  collapse library dir [/home/hasini/intel/oneapi/compiler/2022.2.1/linux/lib] ==> [/home/hasini/intel/oneapi/compiler/2022.2.1/linux/lib]
  collapse library dir [/home/hasini/intel/oneapi/compiler/2022.2.1/linux/bin/intel64/../../compiler/lib/intel64_lin] ==> [/home/hasini/intel/oneapi/compiler/2022.2.1/linux/compiler/lib/intel64_lin]
  collapse library dir [/home/hasini/intel/oneapi/compiler/2022.2.1/linux/lib/../lib/] ==> [/home/hasini/intel/oneapi/compiler/2022.2.1/linux/lib]
  collapse library dir [/usr/lib/gcc/x86_64-linux-gnu/7/] ==> [/usr/lib/gcc/x86_64-linux-gnu/7]
  collapse library dir [/usr/lib/gcc/x86_64-linux-gnu/7/../../../x86_64-linux-gnu/] ==> [/usr/lib/x86_64-linux-gnu]
  collapse library dir [/usr/lib/gcc/x86_64-linux-gnu/7/../../../../lib/] ==> [/usr/lib]
  collapse library dir [/lib/x86_64-linux-gnu/] ==> [/lib/x86_64-linux-gnu]
  collapse library dir [/lib/../lib64] ==> [/lib64]
  collapse library dir [/lib/../lib/] ==> [/lib]
  collapse library dir [/usr/lib/x86_64-linux-gnu/] ==> [/usr/lib/x86_64-linux-gnu]
  collapse library dir [/usr/lib/../lib/] ==> [/usr/lib]
  collapse library dir [/home/hasini/intel/oneapi/tbb/2021.7.1/env/../lib/intel64/gcc4.8/] ==> [/home/hasini/intel/oneapi/tbb/2021.7.1/lib/intel64/gcc4.8]
  collapse library dir [/home/hasini/intel/oneapi/compiler/2022.2.1/linux/compiler/lib/intel64_lin/] ==> [/home/hasini/intel/oneapi/compiler/2022.2.1/linux/compiler/lib/intel64_lin]
  collapse library dir [/home/hasini/intel/oneapi/compiler/2022.2.1/linux/lib/] ==> [/home/hasini/intel/oneapi/compiler/2022.2.1/linux/lib]
  collapse library dir [/usr/lib/gcc/x86_64-linux-gnu/7/../../../] ==> [/usr/lib]
  collapse library dir [/lib64] ==> [/lib64]
  collapse library dir [/lib/] ==> [/lib]
  collapse library dir [/usr/lib] ==> [/usr/lib]
  implicit libs: [imf;svml;irng;m;ipgo;decimal;cilkrts;stdc++;gcc;gcc_s;irc;svml;c;gcc;gcc_s;irc_s;dl;c]
  implicit objs: [/usr/lib/x86_64-linux-gnu/Scrt1.o;/usr/lib/x86_64-linux-gnu/crti.o;/usr/lib/gcc/x86_64-linux-gnu/7/crtbeginS.o;/usr/lib/gcc/x86_64-linux-gnu/7/crtendS.o;/usr/lib/x86_64-linux-gnu/crtn.o]
  implicit dirs: [/home/hasini/intel/oneapi/tbb/2021.7.1/lib/intel64/gcc4.8;/home/hasini/intel/oneapi/compiler/2022.2.1/linux/compiler/lib/intel64_lin;/home/hasini/intel/oneapi/compiler/2022.2.1/linux/lib;/usr/lib/gcc/x86_64-linux-gnu/7;/usr/lib/x86_64-linux-gnu;/usr/lib;/lib/x86_64-linux-gnu;/lib64;/lib]
  implicit fwks: []


Detecting CXX compiler ABI info compiled with the following output:
Change Dir: /home/hasini/Desktop/TEE/Intel/TDX/ipp-crypto-ippcp_2021.4/_build/CMakeFiles/CMakeTmp

Run Build Command(s):/usr/bin/make -f Makefile cmTC_197c4/fast && /usr/bin/make  -f CMakeFiles/cmTC_197c4.dir/build.make CMakeFiles/cmTC_197c4.dir/build
make[1]: Entering directory '/home/hasini/Desktop/TEE/Intel/TDX/ipp-crypto-ippcp_2021.4/_build/CMakeFiles/CMakeTmp'
Building CXX object CMakeFiles/cmTC_197c4.dir/CMakeCXXCompilerABI.cpp.o
/home/hasini/intel/oneapi/compiler/2022.2.1/linux/bin/intel64/icpc   -v -MD -MT CMakeFiles/cmTC_197c4.dir/CMakeCXXCompilerABI.cpp.o -MF CMakeFiles/cmTC_197c4.dir/CMakeCXXCompilerABI.cpp.o.d -o CMakeFiles/cmTC_197c4.dir/CMakeCXXCompilerABI.cpp.o -c /snap/cmake/1186/share/cmake-3.24/Modules/CMakeCXXCompilerABI.cpp
icpc: remark #10441: The Intel(R) C++ Compiler Classic (ICC) is deprecated and will be removed from product release in the second half of 2023. The Intel(R) oneAPI DPC++/C++ Compiler (ICX) is the recommended compiler moving forward. Please transition to use this compiler. Use '-diag-disable=10441' to disable this message.
icpc version 2021.7.1 (gcc version 7.5.0 compatibility)
/home/hasini/intel/oneapi/compiler/2022.2.1/linux/bin/intel64/../../bin/intel64/mcpcom    --target_efi2 --lang=c++ -oCMakeFiles/cmTC_197c4.dir/CMakeCXXCompilerABI.cpp.o -_g -mP3OPT_inline_alloca -D__ICC=2021 -D__INTEL_COMPILER=2021 -D__INTEL_COMPILER_UPDATE=7 -D__PTRDIFF_TYPE__=long "-D__SIZE_TYPE__=unsigned long" -D__WCHAR_TYPE__=int "-D__WINT_TYPE__=unsigned int" "-D__INTMAX_TYPE__=long int" "-D__UINTMAX_TYPE__=long unsigned int" -D__GLIBCXX_TYPE_INT_N_0=__int128 -D__GLIBCXX_BITSIZE_INT_N_0=128 -D__LONG_MAX__=9223372036854775807L -D__QMSPP_ -D__OPTIMIZE__ -D__NO_MATH_INLINES -D__NO_STRING_INLINES -D__GNUC_GNU_INLINE__ -D__GNUG__=7 -D__GNUC__=7 -D__GNUC_MINOR__=5 -D__GNUC_PATCHLEVEL__=0 -D__LP64__ -D_LP64 -D_GNU_SOURCE=1 -D__DEPRECATED=1 -D__GXX_WEAK__=1 -D__GXX_ABI_VERSION=1010 "-D__USER_LABEL_PREFIX__= " -D__REGISTER_PREFIX__= -D__INTEL_RTTI__ -D__EXCEPTIONS=1 -D__unix__ -D__unix -D__linux__ -D__linux -D__gnu_linux__ -B -Dunix -Dlinux "-_Asystem(unix)" -D__ELF__ -D__x86_64 -D__x86_64__ -D__amd64 -D__amd64__ "-_Acpu(x86_64)" "-_Amachine(x86_64)" -D__INTEL_COMPILER_BUILD_DATE=20221019 -D__INTEL_OFFLOAD -D__MMX__ -D__SSE__ -D__SSE_MATH__ -D__SSE2__ -D__SSE2_MATH__ -D__pentium4 -D__pentium4__ -D__tune_pentium4__ -_k -_8 -_l --has_new_stdarg_support -_a -_b --gnu_version=70500 -_W5 -p --bool -tused -x --openmp_simd --noopenmp_offload --dependency_file_name CMakeFiles/cmTC_197c4.dir/CMakeCXXCompilerABI.cpp.o.d --compile_dependencies --dependency_target_name CMakeFiles/cmTC_197c4.dir/CMakeCXXCompilerABI.cpp.o --multibyte_chars -mGLOB_diag_suppress_sys --system_preinclude /usr/include/stdc-predef.h -I/home/hasini/intel/oneapi/tbb/2021.7.1/env/../include -I/home/hasini/intel/oneapi/dev-utilities/2021.7.1/include --array_section --simd --simd_func --offload_mode=1 --offload_target_names=mic,MIC --offload_unique_string=icpc0257244106QGxzf1 --bool -mGLOB_em64t=TRUE -mP1OPT_version=2021.7.1-intel64 -mGLOB_diag_file=CMakeFiles/cmTC_197c4.dir/CMakeCXXCompilerABI.cpp.diag -mGLOB_long_size_64 -mGLOB_routine_pointer_size_64 -mP1OPT_print_version=FALSE -mCG_use_gas_got_workaround=F -mP2OPT_align_option_used=TRUE -mGLOB_gcc_version=750 "-mGLOB_options_string=-v -MD -MT CMakeFiles/cmTC_197c4.dir/CMakeCXXCompilerABI.cpp.o -MF CMakeFiles/cmTC_197c4.dir/CMakeCXXCompilerABI.cpp.o.d -o CMakeFiles/cmTC_197c4.dir/CMakeCXXCompilerABI.cpp.o -c" -mGLOB_cxx_limited_range=FALSE -mCG_extend_parms=FALSE -mGLOB_compiler_bin_directory=/home/hasini/intel/oneapi/compiler/2022.2.1/linux/bin/intel64/../../bin/intel64 -mGLOB_as_output_backup_file_name=/tmp/icpcHvYWiNas_.s -mIPOPT_activate -mIPOPT_lite -mGLOB_uarch_tuning=0x0 -mGLOB_product_id_code=0x22006d90 -mCG_bnl_movbe=T -mP3OPT_use_mspp_call_convention -mP2OPT_subs_out_of_bound=FALSE -mP2OPT_disam_type_based_disam=2 -mP2OPT_disam_assume_ansi_c -mP2OPT_checked_disam_ansi_alias=TRUE -mGLOB_ansi_alias -mPGOPTI_value_profile_use=T -mP2OPT_il0_array_sections=TRUE -mGLOB_offload_mode=1 -mGLOB_offload_no_openmp=TRUE -mP2OPT_offload_unique_var_string=icpc0257244106QGxzf1 -mP2OPT_hlo_level=2 -mP2OPT_hlo -mP2OPT_hpo_rtt_control=0 -mIPOPT_args_in_regs=0 -mP2OPT_disam_assume_nonstd_intent_in=FALSE -mGLOB_imf_mapping_library=/home/hasini/intel/oneapi/compiler/2022.2.1/linux/bin/intel64/../../bin/intel64/libiml_attr.so -mPGOPTI_gen_threadsafe_level=0 -mIPOPT_lto_object_enabled -mIPOPT_lto_object_value=1 -mIPOPT_obj_output_file_name=CMakeFiles/cmTC_197c4.dir/CMakeCXXCompilerABI.cpp.o -mIPOPT_whole_archive_fixup_file_name=/tmp/icpcwarchN2FGmj -mGLOB_linker_version=2.30 -mGLOB_linker=ld -mGLOB_driver_tempfile_name=/tmp/icpctempfile0d0Roz -mP3OPT_asm_target=P3OPT_ASM_TARGET_GAS -mGLOB_async_unwind_tables=TRUE -mGLOB_obj_output_file=CMakeFiles/cmTC_197c4.dir/CMakeCXXCompilerABI.cpp.o -mGLOB_source_dialect=GLOB_SOURCE_DIALECT_C_PLUS_PLUS -mP1OPT_source_file_name=/snap/cmake/1186/share/cmake-3.24/Modules/CMakeCXXCompilerABI.cpp -mP1OPT_full_source_file_name=/snap/cmake/1186/share/cmake-3.24/Modules/CMakeCXXCompilerABI.cpp -mGLOB_eh_linux /snap/cmake/1186/share/cmake-3.24/Modules/CMakeCXXCompilerABI.cpp
#include "..." search starts here:
#include <...> search starts here:
 /home/hasini/intel/oneapi/tbb/2021.7.1/env/../include
 /home/hasini/intel/oneapi/dev-utilities/2021.7.1/include
 /home/hasini/intel/oneapi/compiler/2022.2.1/linux/bin/intel64/../../compiler/include/icc
 /home/hasini/intel/oneapi/compiler/2022.2.1/linux/bin/intel64/../../compiler/include
 /usr/include/c++/7.5.0
 /usr/include/c++/7.5.0/backward
 /usr/local/include
 /usr/lib/gcc/x86_64-linux-gnu/7/include
 /usr/lib/gcc/x86_64-linux-gnu/7/include-fixed
 /usr/include/
 /usr/include
 /usr/include/x86_64-linux-gnu
 /usr/include/x86_64-linux-gnu/c++/7.5.0
End of search list.
Linking CXX executable cmTC_197c4
/snap/cmake/1186/bin/cmake -E cmake_link_script CMakeFiles/cmTC_197c4.dir/link.txt --verbose=1
/home/hasini/intel/oneapi/compiler/2022.2.1/linux/bin/intel64/icpc  -v CMakeFiles/cmTC_197c4.dir/CMakeCXXCompilerABI.cpp.o -o cmTC_197c4 
icpc: remark #10441: The Intel(R) C++ Compiler Classic (ICC) is deprecated and will be removed from product release in the second half of 2023. The Intel(R) oneAPI DPC++/C++ Compiler (ICX) is the recommended compiler moving forward. Please transition to use this compiler. Use '-diag-disable=10441' to disable this message.
icpc version 2021.7.1 (gcc version 7.5.0 compatibility)
/home/hasini/intel/oneapi/compiler/2022.2.1/linux/bin/intel64/../../bin/intel64/mcpcom    -mGLOB_em64t=TRUE -mP1OPT_version=2021.7.1-intel64 -mGLOB_diag_file=CMakeFiles/cmTC_197c4.dir/CMakeCXXCompilerABI.cpp.diag -mGLOB_long_size_64 -mGLOB_routine_pointer_size_64 -mP1OPT_print_version=FALSE -mCG_use_gas_got_workaround=F -mP2OPT_align_option_used=TRUE -mGLOB_gcc_version=750 "-mGLOB_options_string=-v -o cmTC_197c4" -mGLOB_cxx_limited_range=FALSE -mCG_extend_parms=FALSE -mGLOB_compiler_bin_directory=/home/hasini/intel/oneapi/compiler/2022.2.1/linux/bin/intel64/../../bin/intel64 -mGLOB_as_output_backup_file_name=/tmp/icpcVL3YoYas_.s -mGLOB_dashboard_use_source_name -mIPOPT_activate -mGLOB_product_id_code=0x22006d90 -mP3OPT_use_mspp_call_convention -mP2OPT_subs_out_of_bound=FALSE -mP2OPT_disam_type_based_disam=2 -mP2OPT_disam_assume_ansi_c -mP2OPT_checked_disam_ansi_alias=TRUE -mGLOB_ansi_alias -mPGOPTI_value_profile_use=T -mGLOB_opt_report_use_source_name -mP2OPT_il0_array_sections=TRUE -mGLOB_offload_mode=1 -mGLOB_offload_no_openmp=TRUE -mP2OPT_offload_unique_var_string=icpc1728930366yyEM82 -mP2OPT_hlo -mP2OPT_hpo_rtt_control=0 -mIPOPT_args_in_regs=0 -mP2OPT_disam_assume_nonstd_intent_in=FALSE -mGLOB_imf_mapping_library=/home/hasini/intel/oneapi/compiler/2022.2.1/linux/bin/intel64/../../bin/intel64/libiml_attr.so -mPGOPTI_gen_threadsafe_level=0 -mIPOPT_link -mIPOPT_ipo_activate -mIPOPT_mo_activate -mIPOPT_source_files_list=/tmp/icpcslisPIhzXr -mIPOPT_mo_global_data -mIPOPT_link_script_file=/tmp/icpcscriptqMYgbI "-mIPOPT_cmdline_link="/usr/lib/gcc/x86_64-linux-gnu/7/../../../x86_64-linux-gnu/Scrt1.o" "/usr/lib/gcc/x86_64-linux-gnu/7/../../../x86_64-linux-gnu/crti.o" "/usr/lib/gcc/x86_64-linux-gnu/7/crtbeginS.o" "--eh-frame-hdr" "--build-id" "-dynamic-linker" "/lib64/ld-linux-x86-64.so.2" "-m" "elf_x86_64" "-o" "cmTC_197c4" "-L/home/hasini/intel/oneapi/tbb/2021.7.1/env/../lib/intel64/gcc4.8" "-L/home/hasini/intel/oneapi/compiler/2022.2.1/linux/compiler/lib/intel64_lin" "-L/home/hasini/intel/oneapi/compiler/2022.2.1/linux/lib" "-L/home/hasini/intel/oneapi/compiler/2022.2.1/linux/bin/intel64/../../compiler/lib/intel64_lin" "-L/home/hasini/intel/oneapi/compiler/2022.2.1/linux/lib/../lib/" "-L/usr/lib/gcc/x86_64-linux-gnu/7/" "-L/usr/lib/gcc/x86_64-linux-gnu/7/../../../x86_64-linux-gnu/" "-L/usr/lib/gcc/x86_64-linux-gnu/7/../../../../lib/" "-L/lib/x86_64-linux-gnu/" "-L/lib/../lib64" "-L/lib/../lib/" "-L/usr/lib/x86_64-linux-gnu/" "-L/usr/lib/../lib/" "-L/home/hasini/intel/oneapi/tbb/2021.7.1/env/../lib/intel64/gcc4.8/" "-L/home/hasini/intel/oneapi/compiler/2022.2.1/linux/compiler/lib/intel64_lin/" "-L/home/hasini/intel/oneapi/compiler/2022.2.1/linux/lib/" "-L/usr/lib/gcc/x86_64-linux-gnu/7/../../../" "-L/lib64" "-L/lib/" "-L/usr/lib" "CMakeFiles/cmTC_197c4.dir/CMakeCXXCompilerABI.cpp.o" "-Bdynamic" "-Bstatic" "-limf" "-lsvml" "-lirng" "-Bdynamic" "-lstdc++" "-lm" "-Bstatic" "-lipgo" "-ldecimal" "--as-needed" "-Bdynamic" "-lcilkrts" "--no-as-needed" "-lstdc++" "-lgcc" "--as-needed" "-lgcc_s" "--no-as-needed" "-Bstatic" "-lirc" "-lsvml" "-Bdynamic" "-lc" "-lgcc" "--as-needed" "-lgcc_s" "--no-as-needed" "-Bstatic" "-lirc_s" "-Bdynamic" "-ldl" "-lc" "/usr/lib/gcc/x86_64-linux-gnu/7/crtendS.o" "/usr/lib/gcc/x86_64-linux-gnu/7/../../../x86_64-linux-gnu/crtn.o"" -mIPOPT_il_in_obj -mIPOPT_ipo_activate_warn=FALSE -mIPOPT_obj_output_file_name=/tmp/ipo_icpc7KLrDS.o -mIPOPT_whole_archive_fixup_file_name=/tmp/icpcwarchEf71Qu -mGLOB_linker_version=2.30 -mGLOB_linker=ld -mGLOB_driver_tempfile_name=/tmp/icpctempfiled1on5K -mP3OPT_asm_target=P3OPT_ASM_TARGET_GAS -mGLOB_async_unwind_tables=TRUE -mGLOB_obj_output_file=/tmp/ipo_icpc7KLrDS.o -mGLOB_source_dialect=GLOB_SOURCE_DIALECT_NONE -mP1OPT_source_file_name=ipo_out.c CMakeFiles/cmTC_197c4.dir/CMakeCXXCompilerABI.cpp.o -mIPOPT_object_files=T -mIPOPT_assembly_files=/tmp/icpcalistzKN4o -mIPOPT_generated_tempfiles=/tmp/icpcelissjcuiF -mIPOPT_embedded_object_base_name=/tmp/icpceobjHbTawV -mIPOPT_cmdline_link_new_name=/tmp/icpcllisURORJb
ld    /usr/lib/gcc/x86_64-linux-gnu/7/../../../x86_64-linux-gnu/Scrt1.o /usr/lib/gcc/x86_64-linux-gnu/7/../../../x86_64-linux-gnu/crti.o /usr/lib/gcc/x86_64-linux-gnu/7/crtbeginS.o --eh-frame-hdr --build-id -dynamic-linker /lib64/ld-linux-x86-64.so.2 -m elf_x86_64 -o cmTC_197c4 -L/home/hasini/intel/oneapi/tbb/2021.7.1/env/../lib/intel64/gcc4.8 -L/home/hasini/intel/oneapi/compiler/2022.2.1/linux/compiler/lib/intel64_lin -L/home/hasini/intel/oneapi/compiler/2022.2.1/linux/lib -L/home/hasini/intel/oneapi/compiler/2022.2.1/linux/bin/intel64/../../compiler/lib/intel64_lin -L/home/hasini/intel/oneapi/compiler/2022.2.1/linux/lib/../lib/ -L/usr/lib/gcc/x86_64-linux-gnu/7/ -L/usr/lib/gcc/x86_64-linux-gnu/7/../../../x86_64-linux-gnu/ -L/usr/lib/gcc/x86_64-linux-gnu/7/../../../../lib/ -L/lib/x86_64-linux-gnu/ -L/lib/../lib64 -L/lib/../lib/ -L/usr/lib/x86_64-linux-gnu/ -L/usr/lib/../lib/ -L/home/hasini/intel/oneapi/tbb/2021.7.1/env/../lib/intel64/gcc4.8/ -L/home/hasini/intel/oneapi/compiler/2022.2.1/linux/compiler/lib/intel64_lin/ -L/home/hasini/intel/oneapi/compiler/2022.2.1/linux/lib/ -L/usr/lib/gcc/x86_64-linux-gnu/7/../../../ -L/lib64 -L/lib/ -L/usr/lib CMakeFiles/cmTC_197c4.dir/CMakeCXXCompilerABI.cpp.o -Bdynamic -Bstatic -limf -lsvml -lirng -Bdynamic -lstdc++ -lm -Bstatic -lipgo -ldecimal --as-needed -Bdynamic -lcilkrts --no-as-needed -lstdc++ -lgcc --as-needed -lgcc_s --no-as-needed -Bstatic -lirc -lsvml -Bdynamic -lc -lgcc --as-needed -lgcc_s --no-as-needed -Bstatic -lirc_s -Bdynamic -ldl -lc /usr/lib/gcc/x86_64-linux-gnu/7/crtendS.o /usr/lib/gcc/x86_64-linux-gnu/7/../../../x86_64-linux-gnu/crtn.o
make[1]: Leaving directory '/home/hasini/Desktop/TEE/Intel/TDX/ipp-crypto-ippcp_2021.4/_build/CMakeFiles/CMakeTmp'



Parsed CXX implicit include dir info from above output: rv=done
  found start of include info
  found start of implicit include info
    add: [/home/hasini/intel/oneapi/tbb/2021.7.1/env/../include]
    add: [/home/hasini/intel/oneapi/dev-utilities/2021.7.1/include]
    add: [/home/hasini/intel/oneapi/compiler/2022.2.1/linux/bin/intel64/../../compiler/include/icc]
    add: [/home/hasini/intel/oneapi/compiler/2022.2.1/linux/bin/intel64/../../compiler/include]
    add: [/usr/include/c++/7.5.0]
    add: [/usr/include/c++/7.5.0/backward]
    add: [/usr/local/include]
    add: [/usr/lib/gcc/x86_64-linux-gnu/7/include]
    add: [/usr/lib/gcc/x86_64-linux-gnu/7/include-fixed]
    add: [/usr/include/]
    add: [/usr/include]
    add: [/usr/include/x86_64-linux-gnu]
    add: [/usr/include/x86_64-linux-gnu/c++/7.5.0]
  end of search list found
  collapse include dir [/home/hasini/intel/oneapi/tbb/2021.7.1/env/../include] ==> [/home/hasini/intel/oneapi/tbb/2021.7.1/include]
  collapse include dir [/home/hasini/intel/oneapi/dev-utilities/2021.7.1/include] ==> [/home/hasini/intel/oneapi/dev-utilities/2021.7.1/include]
  collapse include dir [/home/hasini/intel/oneapi/compiler/2022.2.1/linux/bin/intel64/../../compiler/include/icc] ==> [/home/hasini/intel/oneapi/compiler/2022.2.1/linux/compiler/include/icc]
  collapse include dir [/home/hasini/intel/oneapi/compiler/2022.2.1/linux/bin/intel64/../../compiler/include] ==> [/home/hasini/intel/oneapi/compiler/2022.2.1/linux/compiler/include]
  collapse include dir [/usr/include/c++/7.5.0] ==> [/usr/include/c++/7.5.0]
  collapse include dir [/usr/include/c++/7.5.0/backward] ==> [/usr/include/c++/7.5.0/backward]
  collapse include dir [/usr/local/include] ==> [/usr/local/include]
  collapse include dir [/usr/lib/gcc/x86_64-linux-gnu/7/include] ==> [/usr/lib/gcc/x86_64-linux-gnu/7/include]
  collapse include dir [/usr/lib/gcc/x86_64-linux-gnu/7/include-fixed] ==> [/usr/lib/gcc/x86_64-linux-gnu/7/include-fixed]
  collapse include dir [/usr/include/] ==> [/usr/include]
  collapse include dir [/usr/include] ==> [/usr/include]
  collapse include dir [/usr/include/x86_64-linux-gnu] ==> [/usr/include/x86_64-linux-gnu]
  collapse include dir [/usr/include/x86_64-linux-gnu/c++/7.5.0] ==> [/usr/include/x86_64-linux-gnu/c++/7.5.0]
  implicit include dirs: [/home/hasini/intel/oneapi/tbb/2021.7.1/include;/home/hasini/intel/oneapi/dev-utilities/2021.7.1/include;/home/hasini/intel/oneapi/compiler/2022.2.1/linux/compiler/include/icc;/home/hasini/intel/oneapi/compiler/2022.2.1/linux/compiler/include;/usr/include/c++/7.5.0;/usr/include/c++/7.5.0/backward;/usr/local/include;/usr/lib/gcc/x86_64-linux-gnu/7/include;/usr/lib/gcc/x86_64-linux-gnu/7/include-fixed;/usr/include;/usr/include/x86_64-linux-gnu;/usr/include/x86_64-linux-gnu/c++/7.5.0]


Parsed CXX implicit link information from above output:
  link line regex: [^( *|.*[/\])(ld|CMAKE_LINK_STARTFILE-NOTFOUND|([^/\]+-)?ld|collect2)[^/\]*( |$)]
  ignore line: [Change Dir: /home/hasini/Desktop/TEE/Intel/TDX/ipp-crypto-ippcp_2021.4/_build/CMakeFiles/CMakeTmp]
  ignore line: []
  ignore line: [Run Build Command(s):/usr/bin/make -f Makefile cmTC_197c4/fast && /usr/bin/make  -f CMakeFiles/cmTC_197c4.dir/build.make CMakeFiles/cmTC_197c4.dir/build]
  ignore line: [make[1]: Entering directory '/home/hasini/Desktop/TEE/Intel/TDX/ipp-crypto-ippcp_2021.4/_build/CMakeFiles/CMakeTmp']
  ignore line: [Building CXX object CMakeFiles/cmTC_197c4.dir/CMakeCXXCompilerABI.cpp.o]
  ignore line: [/home/hasini/intel/oneapi/compiler/2022.2.1/linux/bin/intel64/icpc   -v -MD -MT CMakeFiles/cmTC_197c4.dir/CMakeCXXCompilerABI.cpp.o -MF CMakeFiles/cmTC_197c4.dir/CMakeCXXCompilerABI.cpp.o.d -o CMakeFiles/cmTC_197c4.dir/CMakeCXXCompilerABI.cpp.o -c /snap/cmake/1186/share/cmake-3.24/Modules/CMakeCXXCompilerABI.cpp]
  ignore line: [icpc: remark #10441: The Intel(R) C++ Compiler Classic (ICC) is deprecated and will be removed from product release in the second half of 2023. The Intel(R) oneAPI DPC++/C++ Compiler (ICX) is the recommended compiler moving forward. Please transition to use this compiler. Use '-diag-disable=10441' to disable this message.]
  ignore line: [icpc version 2021.7.1 (gcc version 7.5.0 compatibility)]
  ignore line: [/home/hasini/intel/oneapi/compiler/2022.2.1/linux/bin/intel64/../../bin/intel64/mcpcom    --target_efi2 --lang=c++ -oCMakeFiles/cmTC_197c4.dir/CMakeCXXCompilerABI.cpp.o -_g -mP3OPT_inline_alloca -D__ICC=2021 -D__INTEL_COMPILER=2021 -D__INTEL_COMPILER_UPDATE=7 -D__PTRDIFF_TYPE__=long "-D__SIZE_TYPE__=unsigned long" -D__WCHAR_TYPE__=int "-D__WINT_TYPE__=unsigned int" "-D__INTMAX_TYPE__=long int" "-D__UINTMAX_TYPE__=long unsigned int" -D__GLIBCXX_TYPE_INT_N_0=__int128 -D__GLIBCXX_BITSIZE_INT_N_0=128 -D__LONG_MAX__=9223372036854775807L -D__QMSPP_ -D__OPTIMIZE__ -D__NO_MATH_INLINES -D__NO_STRING_INLINES -D__GNUC_GNU_INLINE__ -D__GNUG__=7 -D__GNUC__=7 -D__GNUC_MINOR__=5 -D__GNUC_PATCHLEVEL__=0 -D__LP64__ -D_LP64 -D_GNU_SOURCE=1 -D__DEPRECATED=1 -D__GXX_WEAK__=1 -D__GXX_ABI_VERSION=1010 "-D__USER_LABEL_PREFIX__= " -D__REGISTER_PREFIX__= -D__INTEL_RTTI__ -D__EXCEPTIONS=1 -D__unix__ -D__unix -D__linux__ -D__linux -D__gnu_linux__ -B -Dunix -Dlinux "-_Asystem(unix)" -D__ELF__ -D__x86_64 -D__x86_64__ -D__amd64 -D__amd64__ "-_Acpu(x86_64)" "-_Amachine(x86_64)" -D__INTEL_COMPILER_BUILD_DATE=20221019 -D__INTEL_OFFLOAD -D__MMX__ -D__SSE__ -D__SSE_MATH__ -D__SSE2__ -D__SSE2_MATH__ -D__pentium4 -D__pentium4__ -D__tune_pentium4__ -_k -_8 -_l --has_new_stdarg_support -_a -_b --gnu_version=70500 -_W5 -p --bool -tused -x --openmp_simd --noopenmp_offload --dependency_file_name CMakeFiles/cmTC_197c4.dir/CMakeCXXCompilerABI.cpp.o.d --compile_dependencies --dependency_target_name CMakeFiles/cmTC_197c4.dir/CMakeCXXCompilerABI.cpp.o --multibyte_chars -mGLOB_diag_suppress_sys --system_preinclude /usr/include/stdc-predef.h -I/home/hasini/intel/oneapi/tbb/2021.7.1/env/../include -I/home/hasini/intel/oneapi/dev-utilities/2021.7.1/include --array_section --simd --simd_func --offload_mode=1 --offload_target_names=mic MIC --offload_unique_string=icpc0257244106QGxzf1 --bool -mGLOB_em64t=TRUE -mP1OPT_version=2021.7.1-intel64 -mGLOB_diag_file=CMakeFiles/cmTC_197c4.dir/CMakeCXXCompilerABI.cpp.diag -mGLOB_long_size_64 -mGLOB_routine_pointer_size_64 -mP1OPT_print_version=FALSE -mCG_use_gas_got_workaround=F -mP2OPT_align_option_used=TRUE -mGLOB_gcc_version=750 "-mGLOB_options_string=-v -MD -MT CMakeFiles/cmTC_197c4.dir/CMakeCXXCompilerABI.cpp.o -MF CMakeFiles/cmTC_197c4.dir/CMakeCXXCompilerABI.cpp.o.d -o CMakeFiles/cmTC_197c4.dir/CMakeCXXCompilerABI.cpp.o -c" -mGLOB_cxx_limited_range=FALSE -mCG_extend_parms=FALSE -mGLOB_compiler_bin_directory=/home/hasini/intel/oneapi/compiler/2022.2.1/linux/bin/intel64/../../bin/intel64 -mGLOB_as_output_backup_file_name=/tmp/icpcHvYWiNas_.s -mIPOPT_activate -mIPOPT_lite -mGLOB_uarch_tuning=0x0 -mGLOB_product_id_code=0x22006d90 -mCG_bnl_movbe=T -mP3OPT_use_mspp_call_convention -mP2OPT_subs_out_of_bound=FALSE -mP2OPT_disam_type_based_disam=2 -mP2OPT_disam_assume_ansi_c -mP2OPT_checked_disam_ansi_alias=TRUE -mGLOB_ansi_alias -mPGOPTI_value_profile_use=T -mP2OPT_il0_array_sections=TRUE -mGLOB_offload_mode=1 -mGLOB_offload_no_openmp=TRUE -mP2OPT_offload_unique_var_string=icpc0257244106QGxzf1 -mP2OPT_hlo_level=2 -mP2OPT_hlo -mP2OPT_hpo_rtt_control=0 -mIPOPT_args_in_regs=0 -mP2OPT_disam_assume_nonstd_intent_in=FALSE -mGLOB_imf_mapping_library=/home/hasini/intel/oneapi/compiler/2022.2.1/linux/bin/intel64/../../bin/intel64/libiml_attr.so -mPGOPTI_gen_threadsafe_level=0 -mIPOPT_lto_object_enabled -mIPOPT_lto_object_value=1 -mIPOPT_obj_output_file_name=CMakeFiles/cmTC_197c4.dir/CMakeCXXCompilerABI.cpp.o -mIPOPT_whole_archive_fixup_file_name=/tmp/icpcwarchN2FGmj -mGLOB_linker_version=2.30 -mGLOB_linker=ld -mGLOB_driver_tempfile_name=/tmp/icpctempfile0d0Roz -mP3OPT_asm_target=P3OPT_ASM_TARGET_GAS -mGLOB_async_unwind_tables=TRUE -mGLOB_obj_output_file=CMakeFiles/cmTC_197c4.dir/CMakeCXXCompilerABI.cpp.o -mGLOB_source_dialect=GLOB_SOURCE_DIALECT_C_PLUS_PLUS -mP1OPT_source_file_name=/snap/cmake/1186/share/cmake-3.24/Modules/CMakeCXXCompilerABI.cpp -mP1OPT_full_source_file_name=/snap/cmake/1186/share/cmake-3.24/Modules/CMakeCXXCompilerABI.cpp -mGLOB_eh_linux /snap/cmake/1186/share/cmake-3.24/Modules/CMakeCXXCompilerABI.cpp]
  ignore line: [#include "..." search starts here:]
  ignore line: [#include <...> search starts here:]
  ignore line: [ /home/hasini/intel/oneapi/tbb/2021.7.1/env/../include]
  ignore line: [ /home/hasini/intel/oneapi/dev-utilities/2021.7.1/include]
  ignore line: [ /home/hasini/intel/oneapi/compiler/2022.2.1/linux/bin/intel64/../../compiler/include/icc]
  ignore line: [ /home/hasini/intel/oneapi/compiler/2022.2.1/linux/bin/intel64/../../compiler/include]
  ignore line: [ /usr/include/c++/7.5.0]
  ignore line: [ /usr/include/c++/7.5.0/backward]
  ignore line: [ /usr/local/include]
  ignore line: [ /usr/lib/gcc/x86_64-linux-gnu/7/include]
  ignore line: [ /usr/lib/gcc/x86_64-linux-gnu/7/include-fixed]
  ignore line: [ /usr/include/]
  ignore line: [ /usr/include]
  ignore line: [ /usr/include/x86_64-linux-gnu]
  ignore line: [ /usr/include/x86_64-linux-gnu/c++/7.5.0]
  ignore line: [End of search list.]
  ignore line: [Linking CXX executable cmTC_197c4]
  ignore line: [/snap/cmake/1186/bin/cmake -E cmake_link_script CMakeFiles/cmTC_197c4.dir/link.txt --verbose=1]
  ignore line: [/home/hasini/intel/oneapi/compiler/2022.2.1/linux/bin/intel64/icpc  -v CMakeFiles/cmTC_197c4.dir/CMakeCXXCompilerABI.cpp.o -o cmTC_197c4 ]
  ignore line: [icpc: remark #10441: The Intel(R) C++ Compiler Classic (ICC) is deprecated and will be removed from product release in the second half of 2023. The Intel(R) oneAPI DPC++/C++ Compiler (ICX) is the recommended compiler moving forward. Please transition to use this compiler. Use '-diag-disable=10441' to disable this message.]
  ignore line: [icpc version 2021.7.1 (gcc version 7.5.0 compatibility)]
  ignore line: [/home/hasini/intel/oneapi/compiler/2022.2.1/linux/bin/intel64/../../bin/intel64/mcpcom    -mGLOB_em64t=TRUE -mP1OPT_version=2021.7.1-intel64 -mGLOB_diag_file=CMakeFiles/cmTC_197c4.dir/CMakeCXXCompilerABI.cpp.diag -mGLOB_long_size_64 -mGLOB_routine_pointer_size_64 -mP1OPT_print_version=FALSE -mCG_use_gas_got_workaround=F -mP2OPT_align_option_used=TRUE -mGLOB_gcc_version=750 "-mGLOB_options_string=-v -o cmTC_197c4" -mGLOB_cxx_limited_range=FALSE -mCG_extend_parms=FALSE -mGLOB_compiler_bin_directory=/home/hasini/intel/oneapi/compiler/2022.2.1/linux/bin/intel64/../../bin/intel64 -mGLOB_as_output_backup_file_name=/tmp/icpcVL3YoYas_.s -mGLOB_dashboard_use_source_name -mIPOPT_activate -mGLOB_product_id_code=0x22006d90 -mP3OPT_use_mspp_call_convention -mP2OPT_subs_out_of_bound=FALSE -mP2OPT_disam_type_based_disam=2 -mP2OPT_disam_assume_ansi_c -mP2OPT_checked_disam_ansi_alias=TRUE -mGLOB_ansi_alias -mPGOPTI_value_profile_use=T -mGLOB_opt_report_use_source_name -mP2OPT_il0_array_sections=TRUE -mGLOB_offload_mode=1 -mGLOB_offload_no_openmp=TRUE -mP2OPT_offload_unique_var_string=icpc1728930366yyEM82 -mP2OPT_hlo -mP2OPT_hpo_rtt_control=0 -mIPOPT_args_in_regs=0 -mP2OPT_disam_assume_nonstd_intent_in=FALSE -mGLOB_imf_mapping_library=/home/hasini/intel/oneapi/compiler/2022.2.1/linux/bin/intel64/../../bin/intel64/libiml_attr.so -mPGOPTI_gen_threadsafe_level=0 -mIPOPT_link -mIPOPT_ipo_activate -mIPOPT_mo_activate -mIPOPT_source_files_list=/tmp/icpcslisPIhzXr -mIPOPT_mo_global_data -mIPOPT_link_script_file=/tmp/icpcscriptqMYgbI "-mIPOPT_cmdline_link="/usr/lib/gcc/x86_64-linux-gnu/7/../../../x86_64-linux-gnu/Scrt1.o" "/usr/lib/gcc/x86_64-linux-gnu/7/../../../x86_64-linux-gnu/crti.o" "/usr/lib/gcc/x86_64-linux-gnu/7/crtbeginS.o" "--eh-frame-hdr" "--build-id" "-dynamic-linker" "/lib64/ld-linux-x86-64.so.2" "-m" "elf_x86_64" "-o" "cmTC_197c4" "-L/home/hasini/intel/oneapi/tbb/2021.7.1/env/../lib/intel64/gcc4.8" "-L/home/hasini/intel/oneapi/compiler/2022.2.1/linux/compiler/lib/intel64_lin" "-L/home/hasini/intel/oneapi/compiler/2022.2.1/linux/lib" "-L/home/hasini/intel/oneapi/compiler/2022.2.1/linux/bin/intel64/../../compiler/lib/intel64_lin" "-L/home/hasini/intel/oneapi/compiler/2022.2.1/linux/lib/../lib/" "-L/usr/lib/gcc/x86_64-linux-gnu/7/" "-L/usr/lib/gcc/x86_64-linux-gnu/7/../../../x86_64-linux-gnu/" "-L/usr/lib/gcc/x86_64-linux-gnu/7/../../../../lib/" "-L/lib/x86_64-linux-gnu/" "-L/lib/../lib64" "-L/lib/../lib/" "-L/usr/lib/x86_64-linux-gnu/" "-L/usr/lib/../lib/" "-L/home/hasini/intel/oneapi/tbb/2021.7.1/env/../lib/intel64/gcc4.8/" "-L/home/hasini/intel/oneapi/compiler/2022.2.1/linux/compiler/lib/intel64_lin/" "-L/home/hasini/intel/oneapi/compiler/2022.2.1/linux/lib/" "-L/usr/lib/gcc/x86_64-linux-gnu/7/../../../" "-L/lib64" "-L/lib/" "-L/usr/lib" "CMakeFiles/cmTC_197c4.dir/CMakeCXXCompilerABI.cpp.o" "-Bdynamic" "-Bstatic" "-limf" "-lsvml" "-lirng" "-Bdynamic" "-lstdc++" "-lm" "-Bstatic" "-lipgo" "-ldecimal" "--as-needed" "-Bdynamic" "-lcilkrts" "--no-as-needed" "-lstdc++" "-lgcc" "--as-needed" "-lgcc_s" "--no-as-needed" "-Bstatic" "-lirc" "-lsvml" "-Bdynamic" "-lc" "-lgcc" "--as-needed" "-lgcc_s" "--no-as-needed" "-Bstatic" "-lirc_s" "-Bdynamic" "-ldl" "-lc" "/usr/lib/gcc/x86_64-linux-gnu/7/crtendS.o" "/usr/lib/gcc/x86_64-linux-gnu/7/../../../x86_64-linux-gnu/crtn.o"" -mIPOPT_il_in_obj -mIPOPT_ipo_activate_warn=FALSE -mIPOPT_obj_output_file_name=/tmp/ipo_icpc7KLrDS.o -mIPOPT_whole_archive_fixup_file_name=/tmp/icpcwarchEf71Qu -mGLOB_linker_version=2.30 -mGLOB_linker=ld -mGLOB_driver_tempfile_name=/tmp/icpctempfiled1on5K -mP3OPT_asm_target=P3OPT_ASM_TARGET_GAS -mGLOB_async_unwind_tables=TRUE -mGLOB_obj_output_file=/tmp/ipo_icpc7KLrDS.o -mGLOB_source_dialect=GLOB_SOURCE_DIALECT_NONE -mP1OPT_source_file_name=ipo_out.c CMakeFiles/cmTC_197c4.dir/CMakeCXXCompilerABI.cpp.o -mIPOPT_object_files=T -mIPOPT_assembly_files=/tmp/icpcalistzKN4o -mIPOPT_generated_tempfiles=/tmp/icpcelissjcuiF -mIPOPT_embedded_object_base_name=/tmp/icpceobjHbTawV -mIPOPT_cmdline_link_new_name=/tmp/icpcllisURORJb]
  link line: [ld    /usr/lib/gcc/x86_64-linux-gnu/7/../../../x86_64-linux-gnu/Scrt1.o /usr/lib/gcc/x86_64-linux-gnu/7/../../../x86_64-linux-gnu/crti.o /usr/lib/gcc/x86_64-linux-gnu/7/crtbeginS.o --eh-frame-hdr --build-id -dynamic-linker /lib64/ld-linux-x86-64.so.2 -m elf_x86_64 -o cmTC_197c4 -L/home/hasini/intel/oneapi/tbb/2021.7.1/env/../lib/intel64/gcc4.8 -L/home/hasini/intel/oneapi/compiler/2022.2.1/linux/compiler/lib/intel64_lin -L/home/hasini/intel/oneapi/compiler/2022.2.1/linux/lib -L/home/hasini/intel/oneapi/compiler/2022.2.1/linux/bin/intel64/../../compiler/lib/intel64_lin -L/home/hasini/intel/oneapi/compiler/2022.2.1/linux/lib/../lib/ -L/usr/lib/gcc/x86_64-linux-gnu/7/ -L/usr/lib/gcc/x86_64-linux-gnu/7/../../../x86_64-linux-gnu/ -L/usr/lib/gcc/x86_64-linux-gnu/7/../../../../lib/ -L/lib/x86_64-linux-gnu/ -L/lib/../lib64 -L/lib/../lib/ -L/usr/lib/x86_64-linux-gnu/ -L/usr/lib/../lib/ -L/home/hasini/intel/oneapi/tbb/2021.7.1/env/../lib/intel64/gcc4.8/ -L/home/hasini/intel/oneapi/compiler/2022.2.1/linux/compiler/lib/intel64_lin/ -L/home/hasini/intel/oneapi/compiler/2022.2.1/linux/lib/ -L/usr/lib/gcc/x86_64-linux-gnu/7/../../../ -L/lib64 -L/lib/ -L/usr/lib CMakeFiles/cmTC_197c4.dir/CMakeCXXCompilerABI.cpp.o -Bdynamic -Bstatic -limf -lsvml -lirng -Bdynamic -lstdc++ -lm -Bstatic -lipgo -ldecimal --as-needed -Bdynamic -lcilkrts --no-as-needed -lstdc++ -lgcc --as-needed -lgcc_s --no-as-needed -Bstatic -lirc -lsvml -Bdynamic -lc -lgcc --as-needed -lgcc_s --no-as-needed -Bstatic -lirc_s -Bdynamic -ldl -lc /usr/lib/gcc/x86_64-linux-gnu/7/crtendS.o /usr/lib/gcc/x86_64-linux-gnu/7/../../../x86_64-linux-gnu/crtn.o]
    arg [ld] ==> ignore
    arg [/usr/lib/gcc/x86_64-linux-gnu/7/../../../x86_64-linux-gnu/Scrt1.o] ==> obj [/usr/lib/gcc/x86_64-linux-gnu/7/../../../x86_64-linux-gnu/Scrt1.o]
    arg [/usr/lib/gcc/x86_64-linux-gnu/7/../../../x86_64-linux-gnu/crti.o] ==> obj [/usr/lib/gcc/x86_64-linux-gnu/7/../../../x86_64-linux-gnu/crti.o]
    arg [/usr/lib/gcc/x86_64-linux-gnu/7/crtbeginS.o] ==> obj [/usr/lib/gcc/x86_64-linux-gnu/7/crtbeginS.o]
    arg [--eh-frame-hdr] ==> ignore
    arg [--build-id] ==> ignore
    arg [-dynamic-linker] ==> ignore
    arg [/lib64/ld-linux-x86-64.so.2] ==> ignore
    arg [-m] ==> ignore
    arg [elf_x86_64] ==> ignore
    arg [-o] ==> ignore
    arg [cmTC_197c4] ==> ignore
    arg [-L/home/hasini/intel/oneapi/tbb/2021.7.1/env/../lib/intel64/gcc4.8] ==> dir [/home/hasini/intel/oneapi/tbb/2021.7.1/env/../lib/intel64/gcc4.8]
    arg [-L/home/hasini/intel/oneapi/compiler/2022.2.1/linux/compiler/lib/intel64_lin] ==> dir [/home/hasini/intel/oneapi/compiler/2022.2.1/linux/compiler/lib/intel64_lin]
    arg [-L/home/hasini/intel/oneapi/compiler/2022.2.1/linux/lib] ==> dir [/home/hasini/intel/oneapi/compiler/2022.2.1/linux/lib]
    arg [-L/home/hasini/intel/oneapi/compiler/2022.2.1/linux/bin/intel64/../../compiler/lib/intel64_lin] ==> dir [/home/hasini/intel/oneapi/compiler/2022.2.1/linux/bin/intel64/../../compiler/lib/intel64_lin]
    arg [-L/home/hasini/intel/oneapi/compiler/2022.2.1/linux/lib/../lib/] ==> dir [/home/hasini/intel/oneapi/compiler/2022.2.1/linux/lib/../lib/]
    arg [-L/usr/lib/gcc/x86_64-linux-gnu/7/] ==> dir [/usr/lib/gcc/x86_64-linux-gnu/7/]
    arg [-L/usr/lib/gcc/x86_64-linux-gnu/7/../../../x86_64-linux-gnu/] ==> dir [/usr/lib/gcc/x86_64-linux-gnu/7/../../../x86_64-linux-gnu/]
    arg [-L/usr/lib/gcc/x86_64-linux-gnu/7/../../../../lib/] ==> dir [/usr/lib/gcc/x86_64-linux-gnu/7/../../../../lib/]
    arg [-L/lib/x86_64-linux-gnu/] ==> dir [/lib/x86_64-linux-gnu/]
    arg [-L/lib/../lib64] ==> dir [/lib/../lib64]
    arg [-L/lib/../lib/] ==> dir [/lib/../lib/]
    arg [-L/usr/lib/x86_64-linux-gnu/] ==> dir [/usr/lib/x86_64-linux-gnu/]
    arg [-L/usr/lib/../lib/] ==> dir [/usr/lib/../lib/]
    arg [-L/home/hasini/intel/oneapi/tbb/2021.7.1/env/../lib/intel64/gcc4.8/] ==> dir [/home/hasini/intel/oneapi/tbb/2021.7.1/env/../lib/intel64/gcc4.8/]
    arg [-L/home/hasini/intel/oneapi/compiler/2022.2.1/linux/compiler/lib/intel64_lin/] ==> dir [/home/hasini/intel/oneapi/compiler/2022.2.1/linux/compiler/lib/intel64_lin/]
    arg [-L/home/hasini/intel/oneapi/compiler/2022.2.1/linux/lib/] ==> dir [/home/hasini/intel/oneapi/compiler/2022.2.1/linux/lib/]
    arg [-L/usr/lib/gcc/x86_64-linux-gnu/7/../../../] ==> dir [/usr/lib/gcc/x86_64-linux-gnu/7/../../../]
    arg [-L/lib64] ==> dir [/lib64]
    arg [-L/lib/] ==> dir [/lib/]
    arg [-L/usr/lib] ==> dir [/usr/lib]
    arg [CMakeFiles/cmTC_197c4.dir/CMakeCXXCompilerABI.cpp.o] ==> ignore
    arg [-Bdynamic] ==> search dynamic
    arg [-Bstatic] ==> search static
    arg [-limf] ==> lib [imf]
    arg [-lsvml] ==> lib [svml]
    arg [-lirng] ==> lib [irng]
    arg [-Bdynamic] ==> search dynamic
    arg [-lstdc++] ==> lib [stdc++]
    arg [-lm] ==> lib [m]
    arg [-Bstatic] ==> search static
    arg [-lipgo] ==> lib [ipgo]
    arg [-ldecimal] ==> lib [decimal]
    arg [--as-needed] ==> ignore
    arg [-Bdynamic] ==> search dynamic
    arg [-lcilkrts] ==> lib [cilkrts]
    arg [--no-as-needed] ==> ignore
    arg [-lstdc++] ==> lib [stdc++]
    arg [-lgcc] ==> lib [gcc]
    arg [--as-needed] ==> ignore
    arg [-lgcc_s] ==> lib [gcc_s]
    arg [--no-as-needed] ==> ignore
    arg [-Bstatic] ==> search static
    arg [-lirc] ==> lib [irc]
    arg [-lsvml] ==> lib [svml]
    arg [-Bdynamic] ==> search dynamic
    arg [-lc] ==> lib [c]
    arg [-lgcc] ==> lib [gcc]
    arg [--as-needed] ==> ignore
    arg [-lgcc_s] ==> lib [gcc_s]
    arg [--no-as-needed] ==> ignore
    arg [-Bstatic] ==> search static
    arg [-lirc_s] ==> lib [irc_s]
    arg [-Bdynamic] ==> search dynamic
    arg [-ldl] ==> lib [dl]
    arg [-lc] ==> lib [c]
    arg [/usr/lib/gcc/x86_64-linux-gnu/7/crtendS.o] ==> obj [/usr/lib/gcc/x86_64-linux-gnu/7/crtendS.o]
    arg [/usr/lib/gcc/x86_64-linux-gnu/7/../../../x86_64-linux-gnu/crtn.o] ==> obj [/usr/lib/gcc/x86_64-linux-gnu/7/../../../x86_64-linux-gnu/crtn.o]
  collapse obj [/usr/lib/gcc/x86_64-linux-gnu/7/../../../x86_64-linux-gnu/Scrt1.o] ==> [/usr/lib/x86_64-linux-gnu/Scrt1.o]
  collapse obj [/usr/lib/gcc/x86_64-linux-gnu/7/../../../x86_64-linux-gnu/crti.o] ==> [/usr/lib/x86_64-linux-gnu/crti.o]
  collapse obj [/usr/lib/gcc/x86_64-linux-gnu/7/../../../x86_64-linux-gnu/crtn.o] ==> [/usr/lib/x86_64-linux-gnu/crtn.o]
  collapse library dir [/home/hasini/intel/oneapi/tbb/2021.7.1/env/../lib/intel64/gcc4.8] ==> [/home/hasini/intel/oneapi/tbb/2021.7.1/lib/intel64/gcc4.8]
  collapse library dir [/home/hasini/intel/oneapi/compiler/2022.2.1/linux/compiler/lib/intel64_lin] ==> [/home/hasini/intel/oneapi/compiler/2022.2.1/linux/compiler/lib/intel64_lin]
  collapse library dir [/home/hasini/intel/oneapi/compiler/2022.2.1/linux/lib] ==> [/home/hasini/intel/oneapi/compiler/2022.2.1/linux/lib]
  collapse library dir [/home/hasini/intel/oneapi/compiler/2022.2.1/linux/bin/intel64/../../compiler/lib/intel64_lin] ==> [/home/hasini/intel/oneapi/compiler/2022.2.1/linux/compiler/lib/intel64_lin]
  collapse library dir [/home/hasini/intel/oneapi/compiler/2022.2.1/linux/lib/../lib/] ==> [/home/hasini/intel/oneapi/compiler/2022.2.1/linux/lib]
  collapse library dir [/usr/lib/gcc/x86_64-linux-gnu/7/] ==> [/usr/lib/gcc/x86_64-linux-gnu/7]
  collapse library dir [/usr/lib/gcc/x86_64-linux-gnu/7/../../../x86_64-linux-gnu/] ==> [/usr/lib/x86_64-linux-gnu]
  collapse library dir [/usr/lib/gcc/x86_64-linux-gnu/7/../../../../lib/] ==> [/usr/lib]
  collapse library dir [/lib/x86_64-linux-gnu/] ==> [/lib/x86_64-linux-gnu]
  collapse library dir [/lib/../lib64] ==> [/lib64]
  collapse library dir [/lib/../lib/] ==> [/lib]
  collapse library dir [/usr/lib/x86_64-linux-gnu/] ==> [/usr/lib/x86_64-linux-gnu]
  collapse library dir [/usr/lib/../lib/] ==> [/usr/lib]
  collapse library dir [/home/hasini/intel/oneapi/tbb/2021.7.1/env/../lib/intel64/gcc4.8/] ==> [/home/hasini/intel/oneapi/tbb/2021.7.1/lib/intel64/gcc4.8]
  collapse library dir [/home/hasini/intel/oneapi/compiler/2022.2.1/linux/compiler/lib/intel64_lin/] ==> [/home/hasini/intel/oneapi/compiler/2022.2.1/linux/compiler/lib/intel64_lin]
  collapse library dir [/home/hasini/intel/oneapi/compiler/2022.2.1/linux/lib/] ==> [/home/hasini/intel/oneapi/compiler/2022.2.1/linux/lib]
  collapse library dir [/usr/lib/gcc/x86_64-linux-gnu/7/../../../] ==> [/usr/lib]
  collapse library dir [/lib64] ==> [/lib64]
  collapse library dir [/lib/] ==> [/lib]
  collapse library dir [/usr/lib] ==> [/usr/lib]
  implicit libs: [imf;svml;irng;stdc++;m;ipgo;decimal;cilkrts;stdc++;gcc;gcc_s;irc;svml;c;gcc;gcc_s;irc_s;dl;c]
  implicit objs: [/usr/lib/x86_64-linux-gnu/Scrt1.o;/usr/lib/x86_64-linux-gnu/crti.o;/usr/lib/gcc/x86_64-linux-gnu/7/crtbeginS.o;/usr/lib/gcc/x86_64-linux-gnu/7/crtendS.o;/usr/lib/x86_64-linux-gnu/crtn.o]
  implicit dirs: [/home/hasini/intel/oneapi/tbb/2021.7.1/lib/intel64/gcc4.8;/home/hasini/intel/oneapi/compiler/2022.2.1/linux/compiler/lib/intel64_lin;/home/hasini/intel/oneapi/compiler/2022.2.1/linux/lib;/usr/lib/gcc/x86_64-linux-gnu/7;/usr/lib/x86_64-linux-gnu;/usr/lib;/lib/x86_64-linux-gnu;/lib64;/lib]
  implicit fwks: []


Checking whether the ASM_NASM compiler is NASM using "-v" matched "(NASM version)":
NASM version 2.13.02
