This file contains any messages produced by compilers while
running configure, to aid debugging if configure makes a mistake.

It was created by configure, which was
generated by GNU Autoconf 2.52.  Invocation command line was

  $ ./configure YACC=byacc CC=goto-cc

## ---------- ##
## Platform.  ##
## ---------- ##

hostname = hasini-Precision-Tower-5810
uname -m = x86_64
uname -r = 5.4.0-147-generic
uname -s = Linux
uname -v = #164-Ubuntu SMP Tue Mar 21 14:23:17 UTC 2023

/usr/bin/uname -p = unknown
/bin/uname -X     = unknown

/bin/arch              = unknown
/usr/bin/arch -k       = unknown
/usr/convex/getsysinfo = unknown
hostinfo               = unknown
/bin/machine           = unknown
/usr/bin/oslevel       = unknown
/bin/universe          = unknown

PATH = /usr/local/clang_9.0.0/bin:/home/hasini/.local/bin:/usr/local/clang_9.0.0/bin:/home/hasini/.local/bin:/usr/local/sbin:/usr/local/bin:/usr/sbin:/usr/bin:/sbin:/bin:/usr/games:/usr/local/games:/snap/bin:/home/hasini/.dotnet/tools:/home/hasini/Documents/concolic-testing/iverilog/bin:/home/hasini/Desktop/VossII/voss/bin:/home/hasini/Documents/SRC/Vivado/2021.1/bin:/home/hasini/Desktop/KLEE/klee/build/bin:/home/hasini/.dotnet/tools:/home/hasini/Downloads/concolic-testing/iverilog/bin/:/home/hasini/Downloads/concolic-testing/iverilog/vvp:/home/hasini/Desktop/KLEE/klee/build/bin/:/home/hasini/.dotnet/tools:/home/hasini/.dotnet:/home/hasini/Documents/concolic-testing/iverilog/bin:/home/hasini/Desktop/VossII/voss/bin:/home/hasini/Documents/SRC/Vivado/2021.1/bin:/home/hasini/Desktop/KLEE/klee/build/bin:/home/hasini/Downloads/concolic-testing/iverilog/bin/:/home/hasini/Downloads/concolic-testing/iverilog/vvp:/home/hasini/Desktop/KLEE/klee/build/bin/:/home/hasini/.dotnet/tools:/home/hasini/.dotnet

## ------------ ##
## Core tests.  ##
## ------------ ##

configure:994: PATH=".;."; conftest.sh
./configure: 995: conftest.sh: not found
configure:997: $? = 127
configure:1039: checking build system type
configure:1052: error: /bin/sh ./config.sub x86_64-pc-linux-gnuoldld failed.

## ----------------- ##
## Cache variables.  ##
## ----------------- ##

ac_cv_build=''
ac_cv_build_alias='x86_64-pc-linux-gnuoldld'
ac_cv_env_CC_set='set'
ac_cv_env_CC_value='goto-cc'
ac_cv_env_CFLAGS_set=''
ac_cv_env_CFLAGS_value=''
ac_cv_env_CPPFLAGS_set=''
ac_cv_env_CPPFLAGS_value=''
ac_cv_env_CPP_set=''
ac_cv_env_CPP_value=''
ac_cv_env_LDFLAGS_set=''
ac_cv_env_LDFLAGS_value=''
ac_cv_env_build_alias_set=''
ac_cv_env_build_alias_value=''
ac_cv_env_host_alias_set=''
ac_cv_env_host_alias_value=''
ac_cv_env_target_alias_set=''
ac_cv_env_target_alias_value=''


configure: exit 1
